{"/Users/alvin/Documents/UoE/y3s2/SDP/SDP-Open-Octave/software/controller/server.js": {"path":"/Users/alvin/Documents/UoE/y3s2/SDP/SDP-Open-Octave/software/controller/server.js","all":false,"statementMap":{"0":{"start":{"line":1,"column":0},"end":{"line":1,"column":27}},"1":{"start":{"line":2,"column":0},"end":{"line":2,"column":35}},"2":{"start":{"line":3,"column":0},"end":{"line":3,"column":29}},"3":{"start":{"line":4,"column":0},"end":{"line":4,"column":33}},"4":{"start":{"line":5,"column":0},"end":{"line":5,"column":73}},"5":{"start":{"line":6,"column":0},"end":{"line":6,"column":45}},"6":{"start":{"line":7,"column":0},"end":{"line":7,"column":66}},"7":{"start":{"line":8,"column":0},"end":{"line":8,"column":32}},"10":{"start":{"line":11,"column":0},"end":{"line":11,"column":42}},"11":{"start":{"line":12,"column":0},"end":{"line":12,"column":7}},"12":{"start":{"line":13,"column":0},"end":{"line":13,"column":12}},"13":{"start":{"line":14,"column":0},"end":{"line":14,"column":18}},"14":{"start":{"line":15,"column":0},"end":{"line":15,"column":16}},"15":{"start":{"line":16,"column":0},"end":{"line":16,"column":19}},"16":{"start":{"line":17,"column":0},"end":{"line":17,"column":19}},"17":{"start":{"line":18,"column":0},"end":{"line":18,"column":32}},"18":{"start":{"line":19,"column":0},"end":{"line":19,"column":17}},"19":{"start":{"line":20,"column":0},"end":{"line":20,"column":33}},"21":{"start":{"line":22,"column":0},"end":{"line":22,"column":79}},"22":{"start":{"line":23,"column":0},"end":{"line":23,"column":48}},"24":{"start":{"line":25,"column":0},"end":{"line":25,"column":22}},"26":{"start":{"line":27,"column":0},"end":{"line":27,"column":42}},"27":{"start":{"line":28,"column":0},"end":{"line":28,"column":45}},"28":{"start":{"line":29,"column":0},"end":{"line":29,"column":17}},"29":{"start":{"line":30,"column":0},"end":{"line":30,"column":75}},"30":{"start":{"line":31,"column":0},"end":{"line":31,"column":71}},"31":{"start":{"line":32,"column":0},"end":{"line":32,"column":52}},"32":{"start":{"line":33,"column":0},"end":{"line":33,"column":44}},"33":{"start":{"line":34,"column":0},"end":{"line":34,"column":25}},"34":{"start":{"line":35,"column":0},"end":{"line":35,"column":73}},"35":{"start":{"line":36,"column":0},"end":{"line":36,"column":77}},"36":{"start":{"line":37,"column":0},"end":{"line":37,"column":85}},"37":{"start":{"line":38,"column":0},"end":{"line":38,"column":90}},"39":{"start":{"line":40,"column":0},"end":{"line":40,"column":77}},"40":{"start":{"line":41,"column":0},"end":{"line":41,"column":22}},"42":{"start":{"line":43,"column":0},"end":{"line":43,"column":16}},"43":{"start":{"line":44,"column":0},"end":{"line":44,"column":24}},"45":{"start":{"line":46,"column":0},"end":{"line":46,"column":14}},"46":{"start":{"line":47,"column":0},"end":{"line":47,"column":45}},"47":{"start":{"line":48,"column":0},"end":{"line":48,"column":23}},"48":{"start":{"line":49,"column":0},"end":{"line":49,"column":36}},"49":{"start":{"line":50,"column":0},"end":{"line":50,"column":13}},"50":{"start":{"line":51,"column":0},"end":{"line":51,"column":83}},"51":{"start":{"line":52,"column":0},"end":{"line":52,"column":5}},"52":{"start":{"line":53,"column":0},"end":{"line":53,"column":3}},"54":{"start":{"line":55,"column":0},"end":{"line":55,"column":52}},"55":{"start":{"line":56,"column":0},"end":{"line":56,"column":27}},"56":{"start":{"line":57,"column":0},"end":{"line":57,"column":21}},"58":{"start":{"line":59,"column":0},"end":{"line":59,"column":35}},"59":{"start":{"line":60,"column":0},"end":{"line":60,"column":18}},"60":{"start":{"line":61,"column":0},"end":{"line":61,"column":37}},"61":{"start":{"line":62,"column":0},"end":{"line":62,"column":23}},"62":{"start":{"line":63,"column":0},"end":{"line":63,"column":24}},"63":{"start":{"line":64,"column":0},"end":{"line":64,"column":6}},"65":{"start":{"line":66,"column":0},"end":{"line":66,"column":25}},"66":{"start":{"line":67,"column":0},"end":{"line":67,"column":44}},"67":{"start":{"line":68,"column":0},"end":{"line":68,"column":26}},"68":{"start":{"line":69,"column":0},"end":{"line":69,"column":5}},"69":{"start":{"line":70,"column":0},"end":{"line":70,"column":1}},"71":{"start":{"line":72,"column":0},"end":{"line":72,"column":44}},"72":{"start":{"line":73,"column":0},"end":{"line":73,"column":70}},"73":{"start":{"line":74,"column":0},"end":{"line":74,"column":26}},"75":{"start":{"line":76,"column":0},"end":{"line":76,"column":29}},"76":{"start":{"line":77,"column":0},"end":{"line":77,"column":58}},"77":{"start":{"line":78,"column":0},"end":{"line":78,"column":37}},"78":{"start":{"line":79,"column":0},"end":{"line":79,"column":58}},"80":{"start":{"line":81,"column":0},"end":{"line":81,"column":51}},"81":{"start":{"line":82,"column":0},"end":{"line":82,"column":59}},"82":{"start":{"line":83,"column":0},"end":{"line":83,"column":20}},"83":{"start":{"line":84,"column":0},"end":{"line":84,"column":30}},"84":{"start":{"line":85,"column":0},"end":{"line":85,"column":1}},"86":{"start":{"line":87,"column":0},"end":{"line":87,"column":33}},"87":{"start":{"line":88,"column":0},"end":{"line":88,"column":37}},"88":{"start":{"line":89,"column":0},"end":{"line":89,"column":41}},"89":{"start":{"line":90,"column":0},"end":{"line":90,"column":19}},"90":{"start":{"line":91,"column":0},"end":{"line":91,"column":11}},"91":{"start":{"line":92,"column":0},"end":{"line":92,"column":11}},"92":{"start":{"line":93,"column":0},"end":{"line":93,"column":24}},"93":{"start":{"line":94,"column":0},"end":{"line":94,"column":25}},"94":{"start":{"line":95,"column":0},"end":{"line":95,"column":24}},"95":{"start":{"line":96,"column":0},"end":{"line":96,"column":48}},"96":{"start":{"line":97,"column":0},"end":{"line":97,"column":45}},"97":{"start":{"line":98,"column":0},"end":{"line":98,"column":63}},"98":{"start":{"line":99,"column":0},"end":{"line":99,"column":67}},"99":{"start":{"line":100,"column":0},"end":{"line":100,"column":44}},"100":{"start":{"line":101,"column":0},"end":{"line":101,"column":49}},"101":{"start":{"line":102,"column":0},"end":{"line":102,"column":43}},"102":{"start":{"line":103,"column":0},"end":{"line":103,"column":47}},"103":{"start":{"line":104,"column":0},"end":{"line":104,"column":33}},"104":{"start":{"line":105,"column":0},"end":{"line":105,"column":6}},"105":{"start":{"line":106,"column":0},"end":{"line":106,"column":27}},"106":{"start":{"line":107,"column":0},"end":{"line":107,"column":91}},"107":{"start":{"line":108,"column":0},"end":{"line":108,"column":66}},"108":{"start":{"line":109,"column":0},"end":{"line":109,"column":17}},"109":{"start":{"line":110,"column":0},"end":{"line":110,"column":1}},"111":{"start":{"line":112,"column":0},"end":{"line":112,"column":26}},"112":{"start":{"line":113,"column":0},"end":{"line":113,"column":34}},"113":{"start":{"line":114,"column":0},"end":{"line":114,"column":28}},"114":{"start":{"line":115,"column":0},"end":{"line":115,"column":48}},"115":{"start":{"line":116,"column":0},"end":{"line":116,"column":17}},"116":{"start":{"line":117,"column":0},"end":{"line":117,"column":1}},"118":{"start":{"line":119,"column":0},"end":{"line":119,"column":31}},"119":{"start":{"line":120,"column":0},"end":{"line":120,"column":34}},"120":{"start":{"line":121,"column":0},"end":{"line":121,"column":16}},"121":{"start":{"line":122,"column":0},"end":{"line":122,"column":45}},"122":{"start":{"line":123,"column":0},"end":{"line":123,"column":24}},"123":{"start":{"line":124,"column":0},"end":{"line":124,"column":32}},"124":{"start":{"line":125,"column":0},"end":{"line":125,"column":27}},"125":{"start":{"line":126,"column":0},"end":{"line":126,"column":73}},"126":{"start":{"line":127,"column":0},"end":{"line":127,"column":76}},"127":{"start":{"line":128,"column":0},"end":{"line":128,"column":9}},"128":{"start":{"line":129,"column":0},"end":{"line":129,"column":5}},"129":{"start":{"line":130,"column":0},"end":{"line":130,"column":1}},"131":{"start":{"line":132,"column":0},"end":{"line":132,"column":35}},"132":{"start":{"line":133,"column":0},"end":{"line":133,"column":12}},"133":{"start":{"line":134,"column":0},"end":{"line":134,"column":21}},"134":{"start":{"line":135,"column":0},"end":{"line":135,"column":27}},"135":{"start":{"line":136,"column":0},"end":{"line":136,"column":35}},"136":{"start":{"line":137,"column":0},"end":{"line":137,"column":39}},"137":{"start":{"line":138,"column":0},"end":{"line":138,"column":37}},"138":{"start":{"line":139,"column":0},"end":{"line":139,"column":39}},"139":{"start":{"line":140,"column":0},"end":{"line":140,"column":35}},"140":{"start":{"line":141,"column":0},"end":{"line":141,"column":51}},"141":{"start":{"line":142,"column":0},"end":{"line":142,"column":55}},"142":{"start":{"line":143,"column":0},"end":{"line":143,"column":66}},"143":{"start":{"line":144,"column":0},"end":{"line":144,"column":36}},"144":{"start":{"line":145,"column":0},"end":{"line":145,"column":6}},"145":{"start":{"line":146,"column":0},"end":{"line":146,"column":1}},"147":{"start":{"line":148,"column":0},"end":{"line":148,"column":34}},"148":{"start":{"line":149,"column":0},"end":{"line":149,"column":22}},"149":{"start":{"line":150,"column":0},"end":{"line":150,"column":43}},"150":{"start":{"line":151,"column":0},"end":{"line":151,"column":30}},"151":{"start":{"line":152,"column":0},"end":{"line":152,"column":50}},"152":{"start":{"line":153,"column":0},"end":{"line":153,"column":9}},"153":{"start":{"line":154,"column":0},"end":{"line":154,"column":5}},"154":{"start":{"line":155,"column":0},"end":{"line":155,"column":18}},"155":{"start":{"line":156,"column":0},"end":{"line":156,"column":1}},"157":{"start":{"line":158,"column":0},"end":{"line":158,"column":44}},"159":{"start":{"line":160,"column":0},"end":{"line":160,"column":35}},"160":{"start":{"line":161,"column":0},"end":{"line":161,"column":51}},"161":{"start":{"line":162,"column":0},"end":{"line":162,"column":19}},"162":{"start":{"line":163,"column":0},"end":{"line":163,"column":28}},"163":{"start":{"line":164,"column":0},"end":{"line":164,"column":34}},"164":{"start":{"line":165,"column":0},"end":{"line":165,"column":32}},"165":{"start":{"line":166,"column":0},"end":{"line":166,"column":40}},"166":{"start":{"line":167,"column":0},"end":{"line":167,"column":41}},"167":{"start":{"line":168,"column":0},"end":{"line":168,"column":25}},"168":{"start":{"line":169,"column":0},"end":{"line":169,"column":19}},"169":{"start":{"line":170,"column":0},"end":{"line":170,"column":5}},"170":{"start":{"line":171,"column":0},"end":{"line":171,"column":15}},"171":{"start":{"line":172,"column":0},"end":{"line":172,"column":1}},"173":{"start":{"line":174,"column":0},"end":{"line":174,"column":41}},"174":{"start":{"line":175,"column":0},"end":{"line":175,"column":33}},"175":{"start":{"line":176,"column":0},"end":{"line":176,"column":54}},"176":{"start":{"line":177,"column":0},"end":{"line":177,"column":20}},"177":{"start":{"line":178,"column":0},"end":{"line":178,"column":26}},"178":{"start":{"line":179,"column":0},"end":{"line":179,"column":5}},"180":{"start":{"line":181,"column":0},"end":{"line":181,"column":26}},"181":{"start":{"line":182,"column":0},"end":{"line":182,"column":28}},"182":{"start":{"line":183,"column":0},"end":{"line":183,"column":42}},"183":{"start":{"line":184,"column":0},"end":{"line":184,"column":54}},"184":{"start":{"line":185,"column":0},"end":{"line":185,"column":62}},"185":{"start":{"line":186,"column":0},"end":{"line":186,"column":44}},"186":{"start":{"line":187,"column":0},"end":{"line":187,"column":20}},"187":{"start":{"line":188,"column":0},"end":{"line":188,"column":44}},"188":{"start":{"line":189,"column":0},"end":{"line":189,"column":47}},"189":{"start":{"line":190,"column":0},"end":{"line":190,"column":88}},"190":{"start":{"line":191,"column":0},"end":{"line":191,"column":107}},"191":{"start":{"line":192,"column":0},"end":{"line":192,"column":9}},"192":{"start":{"line":193,"column":0},"end":{"line":193,"column":15}},"193":{"start":{"line":194,"column":0},"end":{"line":194,"column":5}},"195":{"start":{"line":196,"column":0},"end":{"line":196,"column":40}},"197":{"start":{"line":198,"column":0},"end":{"line":198,"column":40}},"198":{"start":{"line":199,"column":0},"end":{"line":199,"column":20}},"199":{"start":{"line":200,"column":0},"end":{"line":200,"column":29}},"200":{"start":{"line":201,"column":0},"end":{"line":201,"column":45}},"201":{"start":{"line":202,"column":0},"end":{"line":202,"column":25}},"202":{"start":{"line":203,"column":0},"end":{"line":203,"column":54}},"203":{"start":{"line":204,"column":0},"end":{"line":204,"column":14}},"204":{"start":{"line":205,"column":0},"end":{"line":205,"column":9}},"205":{"start":{"line":206,"column":0},"end":{"line":206,"column":15}},"206":{"start":{"line":207,"column":0},"end":{"line":207,"column":5}},"208":{"start":{"line":209,"column":0},"end":{"line":209,"column":43}},"209":{"start":{"line":210,"column":0},"end":{"line":210,"column":54}},"210":{"start":{"line":211,"column":0},"end":{"line":211,"column":20}},"211":{"start":{"line":212,"column":0},"end":{"line":212,"column":67}},"212":{"start":{"line":213,"column":0},"end":{"line":213,"column":126}},"213":{"start":{"line":214,"column":0},"end":{"line":214,"column":32}},"214":{"start":{"line":215,"column":0},"end":{"line":215,"column":45}},"215":{"start":{"line":216,"column":0},"end":{"line":216,"column":48}},"216":{"start":{"line":217,"column":0},"end":{"line":217,"column":52}},"217":{"start":{"line":218,"column":0},"end":{"line":218,"column":54}},"218":{"start":{"line":219,"column":0},"end":{"line":219,"column":43}},"219":{"start":{"line":220,"column":0},"end":{"line":220,"column":68}},"220":{"start":{"line":221,"column":0},"end":{"line":221,"column":14}},"221":{"start":{"line":222,"column":0},"end":{"line":222,"column":9}},"222":{"start":{"line":223,"column":0},"end":{"line":223,"column":15}},"223":{"start":{"line":224,"column":0},"end":{"line":224,"column":5}},"225":{"start":{"line":226,"column":0},"end":{"line":226,"column":40}},"226":{"start":{"line":227,"column":0},"end":{"line":227,"column":20}},"227":{"start":{"line":228,"column":0},"end":{"line":228,"column":31}},"228":{"start":{"line":229,"column":0},"end":{"line":229,"column":45}},"229":{"start":{"line":230,"column":0},"end":{"line":230,"column":24}},"230":{"start":{"line":231,"column":0},"end":{"line":231,"column":14}},"231":{"start":{"line":232,"column":0},"end":{"line":232,"column":9}},"232":{"start":{"line":233,"column":0},"end":{"line":233,"column":15}},"233":{"start":{"line":234,"column":0},"end":{"line":234,"column":5}},"234":{"start":{"line":235,"column":0},"end":{"line":235,"column":1}},"237":{"start":{"line":238,"column":0},"end":{"line":238,"column":32}},"238":{"start":{"line":239,"column":0},"end":{"line":239,"column":27}},"240":{"start":{"line":241,"column":0},"end":{"line":241,"column":40}},"241":{"start":{"line":242,"column":0},"end":{"line":242,"column":39}},"243":{"start":{"line":244,"column":0},"end":{"line":244,"column":81}},"244":{"start":{"line":245,"column":0},"end":{"line":245,"column":105}},"245":{"start":{"line":246,"column":0},"end":{"line":246,"column":40}},"246":{"start":{"line":247,"column":0},"end":{"line":247,"column":80}},"248":{"start":{"line":249,"column":0},"end":{"line":249,"column":79}},"249":{"start":{"line":250,"column":0},"end":{"line":250,"column":79}},"250":{"start":{"line":251,"column":0},"end":{"line":251,"column":71}},"251":{"start":{"line":252,"column":0},"end":{"line":252,"column":44}},"252":{"start":{"line":253,"column":0},"end":{"line":253,"column":27}},"253":{"start":{"line":254,"column":0},"end":{"line":254,"column":21}},"254":{"start":{"line":255,"column":0},"end":{"line":255,"column":41}},"255":{"start":{"line":256,"column":0},"end":{"line":256,"column":30}},"256":{"start":{"line":257,"column":0},"end":{"line":257,"column":13}},"257":{"start":{"line":258,"column":0},"end":{"line":258,"column":33}},"258":{"start":{"line":259,"column":0},"end":{"line":259,"column":21}},"259":{"start":{"line":260,"column":0},"end":{"line":260,"column":9}},"261":{"start":{"line":262,"column":0},"end":{"line":262,"column":26}},"262":{"start":{"line":263,"column":0},"end":{"line":263,"column":17}},"263":{"start":{"line":264,"column":0},"end":{"line":264,"column":32}},"264":{"start":{"line":265,"column":0},"end":{"line":265,"column":26}},"266":{"start":{"line":267,"column":0},"end":{"line":267,"column":69}},"267":{"start":{"line":268,"column":0},"end":{"line":268,"column":21}},"268":{"start":{"line":269,"column":0},"end":{"line":269,"column":41}},"269":{"start":{"line":270,"column":0},"end":{"line":270,"column":30}},"270":{"start":{"line":271,"column":0},"end":{"line":271,"column":37}},"271":{"start":{"line":272,"column":0},"end":{"line":272,"column":13}},"272":{"start":{"line":273,"column":0},"end":{"line":273,"column":9}},"273":{"start":{"line":274,"column":0},"end":{"line":274,"column":5}},"274":{"start":{"line":275,"column":0},"end":{"line":275,"column":1}},"276":{"start":{"line":277,"column":0},"end":{"line":277,"column":44}},"278":{"start":{"line":279,"column":0},"end":{"line":279,"column":36}},"279":{"start":{"line":280,"column":0},"end":{"line":280,"column":34}},"280":{"start":{"line":281,"column":0},"end":{"line":281,"column":72}},"281":{"start":{"line":282,"column":0},"end":{"line":282,"column":55}},"282":{"start":{"line":283,"column":0},"end":{"line":283,"column":5}},"284":{"start":{"line":285,"column":0},"end":{"line":285,"column":47}},"285":{"start":{"line":286,"column":0},"end":{"line":286,"column":27}},"286":{"start":{"line":287,"column":0},"end":{"line":287,"column":61}},"287":{"start":{"line":288,"column":0},"end":{"line":288,"column":55}},"288":{"start":{"line":289,"column":0},"end":{"line":289,"column":1}},"290":{"start":{"line":291,"column":0},"end":{"line":291,"column":34}},"291":{"start":{"line":292,"column":0},"end":{"line":292,"column":23}},"292":{"start":{"line":293,"column":0},"end":{"line":293,"column":40}},"293":{"start":{"line":294,"column":0},"end":{"line":294,"column":84}},"294":{"start":{"line":295,"column":0},"end":{"line":295,"column":55}},"295":{"start":{"line":296,"column":0},"end":{"line":296,"column":35}},"296":{"start":{"line":297,"column":0},"end":{"line":297,"column":69}},"297":{"start":{"line":298,"column":0},"end":{"line":298,"column":56}},"298":{"start":{"line":299,"column":0},"end":{"line":299,"column":9}},"299":{"start":{"line":300,"column":0},"end":{"line":300,"column":5}},"300":{"start":{"line":301,"column":0},"end":{"line":301,"column":19}},"301":{"start":{"line":302,"column":0},"end":{"line":302,"column":1}},"303":{"start":{"line":304,"column":0},"end":{"line":304,"column":46}},"305":{"start":{"line":306,"column":0},"end":{"line":306,"column":29}},"306":{"start":{"line":307,"column":0},"end":{"line":307,"column":38}},"307":{"start":{"line":308,"column":0},"end":{"line":308,"column":1}},"309":{"start":{"line":310,"column":0},"end":{"line":310,"column":33}},"310":{"start":{"line":311,"column":0},"end":{"line":311,"column":47}},"311":{"start":{"line":312,"column":0},"end":{"line":312,"column":29}},"312":{"start":{"line":313,"column":0},"end":{"line":313,"column":21}},"313":{"start":{"line":314,"column":0},"end":{"line":314,"column":5}},"314":{"start":{"line":315,"column":0},"end":{"line":315,"column":55}},"315":{"start":{"line":316,"column":0},"end":{"line":316,"column":1}},"317":{"start":{"line":318,"column":0},"end":{"line":318,"column":30}},"318":{"start":{"line":319,"column":0},"end":{"line":319,"column":47}},"319":{"start":{"line":320,"column":0},"end":{"line":320,"column":24}},"320":{"start":{"line":321,"column":0},"end":{"line":321,"column":1}},"322":{"start":{"line":323,"column":0},"end":{"line":323,"column":64}},"324":{"start":{"line":325,"column":0},"end":{"line":325,"column":9}},"325":{"start":{"line":326,"column":0},"end":{"line":326,"column":11}},"327":{"start":{"line":328,"column":0},"end":{"line":328,"column":33}},"328":{"start":{"line":329,"column":0},"end":{"line":329,"column":37}},"329":{"start":{"line":330,"column":0},"end":{"line":330,"column":36}},"330":{"start":{"line":331,"column":0},"end":{"line":331,"column":59}},"331":{"start":{"line":332,"column":0},"end":{"line":332,"column":19}},"332":{"start":{"line":333,"column":0},"end":{"line":333,"column":9}},"333":{"start":{"line":334,"column":0},"end":{"line":334,"column":48}},"334":{"start":{"line":335,"column":0},"end":{"line":335,"column":29}},"335":{"start":{"line":336,"column":0},"end":{"line":336,"column":22}},"336":{"start":{"line":337,"column":0},"end":{"line":337,"column":68}},"337":{"start":{"line":338,"column":0},"end":{"line":338,"column":63}},"338":{"start":{"line":339,"column":0},"end":{"line":339,"column":23}},"339":{"start":{"line":340,"column":0},"end":{"line":340,"column":13}},"340":{"start":{"line":341,"column":0},"end":{"line":341,"column":38}},"341":{"start":{"line":342,"column":0},"end":{"line":342,"column":11}},"342":{"start":{"line":343,"column":0},"end":{"line":343,"column":7}},"343":{"start":{"line":344,"column":0},"end":{"line":344,"column":1}},"345":{"start":{"line":346,"column":0},"end":{"line":346,"column":44}},"346":{"start":{"line":347,"column":0},"end":{"line":347,"column":50}},"348":{"start":{"line":349,"column":0},"end":{"line":349,"column":21}},"349":{"start":{"line":350,"column":0},"end":{"line":350,"column":57}},"350":{"start":{"line":351,"column":0},"end":{"line":351,"column":48}},"351":{"start":{"line":352,"column":0},"end":{"line":352,"column":5}},"353":{"start":{"line":354,"column":0},"end":{"line":354,"column":30}},"354":{"start":{"line":355,"column":0},"end":{"line":355,"column":54}},"355":{"start":{"line":356,"column":0},"end":{"line":356,"column":41}},"356":{"start":{"line":357,"column":0},"end":{"line":357,"column":89}},"357":{"start":{"line":358,"column":0},"end":{"line":358,"column":9}},"358":{"start":{"line":359,"column":0},"end":{"line":359,"column":99}},"359":{"start":{"line":360,"column":0},"end":{"line":360,"column":37}},"360":{"start":{"line":361,"column":0},"end":{"line":361,"column":25}},"361":{"start":{"line":362,"column":0},"end":{"line":362,"column":27}},"362":{"start":{"line":363,"column":0},"end":{"line":363,"column":5}},"364":{"start":{"line":365,"column":0},"end":{"line":365,"column":66}},"366":{"start":{"line":367,"column":0},"end":{"line":367,"column":9}},"367":{"start":{"line":368,"column":0},"end":{"line":368,"column":72}},"368":{"start":{"line":369,"column":0},"end":{"line":369,"column":68}},"370":{"start":{"line":371,"column":0},"end":{"line":371,"column":48}},"371":{"start":{"line":372,"column":0},"end":{"line":372,"column":35}},"372":{"start":{"line":373,"column":0},"end":{"line":373,"column":50}},"373":{"start":{"line":374,"column":0},"end":{"line":374,"column":26}},"374":{"start":{"line":375,"column":0},"end":{"line":375,"column":15}},"375":{"start":{"line":376,"column":0},"end":{"line":376,"column":39}},"376":{"start":{"line":377,"column":0},"end":{"line":377,"column":63}},"377":{"start":{"line":378,"column":0},"end":{"line":378,"column":28}},"378":{"start":{"line":379,"column":0},"end":{"line":379,"column":15}},"379":{"start":{"line":380,"column":0},"end":{"line":380,"column":11}},"381":{"start":{"line":382,"column":0},"end":{"line":382,"column":37}},"382":{"start":{"line":383,"column":0},"end":{"line":383,"column":47}},"383":{"start":{"line":384,"column":0},"end":{"line":384,"column":41}},"384":{"start":{"line":385,"column":0},"end":{"line":385,"column":49}},"385":{"start":{"line":386,"column":0},"end":{"line":386,"column":34}},"386":{"start":{"line":387,"column":0},"end":{"line":387,"column":43}},"387":{"start":{"line":388,"column":0},"end":{"line":388,"column":11}},"389":{"start":{"line":390,"column":0},"end":{"line":390,"column":66}},"390":{"start":{"line":391,"column":0},"end":{"line":391,"column":19}},"391":{"start":{"line":392,"column":0},"end":{"line":392,"column":76}},"392":{"start":{"line":393,"column":0},"end":{"line":393,"column":71}},"393":{"start":{"line":394,"column":0},"end":{"line":394,"column":5}},"394":{"start":{"line":395,"column":0},"end":{"line":395,"column":1}},"396":{"start":{"line":397,"column":0},"end":{"line":397,"column":29}},"397":{"start":{"line":398,"column":0},"end":{"line":398,"column":16}},"398":{"start":{"line":399,"column":0},"end":{"line":399,"column":70}},"399":{"start":{"line":400,"column":0},"end":{"line":400,"column":5}},"400":{"start":{"line":401,"column":0},"end":{"line":401,"column":22}},"401":{"start":{"line":402,"column":0},"end":{"line":402,"column":48}},"402":{"start":{"line":403,"column":0},"end":{"line":403,"column":13}},"403":{"start":{"line":404,"column":0},"end":{"line":404,"column":33}},"404":{"start":{"line":405,"column":0},"end":{"line":405,"column":77}},"405":{"start":{"line":406,"column":0},"end":{"line":406,"column":15}},"406":{"start":{"line":407,"column":0},"end":{"line":407,"column":21}},"407":{"start":{"line":408,"column":0},"end":{"line":408,"column":62}},"408":{"start":{"line":409,"column":0},"end":{"line":409,"column":9}},"409":{"start":{"line":410,"column":0},"end":{"line":410,"column":5}},"410":{"start":{"line":411,"column":0},"end":{"line":411,"column":21}},"411":{"start":{"line":412,"column":0},"end":{"line":412,"column":23}},"412":{"start":{"line":413,"column":0},"end":{"line":413,"column":59}},"413":{"start":{"line":414,"column":0},"end":{"line":414,"column":1}},"415":{"start":{"line":416,"column":0},"end":{"line":416,"column":33}},"416":{"start":{"line":417,"column":0},"end":{"line":417,"column":32}},"417":{"start":{"line":418,"column":0},"end":{"line":418,"column":46}},"418":{"start":{"line":419,"column":0},"end":{"line":419,"column":47}},"419":{"start":{"line":420,"column":0},"end":{"line":420,"column":5}},"420":{"start":{"line":421,"column":0},"end":{"line":421,"column":46}},"421":{"start":{"line":422,"column":0},"end":{"line":422,"column":46}},"422":{"start":{"line":423,"column":0},"end":{"line":423,"column":43}},"423":{"start":{"line":424,"column":0},"end":{"line":424,"column":30}},"424":{"start":{"line":425,"column":0},"end":{"line":425,"column":55}},"425":{"start":{"line":426,"column":0},"end":{"line":426,"column":1}},"427":{"start":{"line":428,"column":0},"end":{"line":428,"column":70}},"428":{"start":{"line":429,"column":0},"end":{"line":429,"column":38}},"429":{"start":{"line":430,"column":0},"end":{"line":430,"column":63}},"430":{"start":{"line":431,"column":0},"end":{"line":431,"column":46}},"431":{"start":{"line":432,"column":0},"end":{"line":432,"column":5}},"433":{"start":{"line":434,"column":0},"end":{"line":434,"column":44}},"434":{"start":{"line":435,"column":0},"end":{"line":435,"column":44}},"435":{"start":{"line":436,"column":0},"end":{"line":436,"column":5}},"437":{"start":{"line":438,"column":0},"end":{"line":438,"column":22}},"438":{"start":{"line":439,"column":0},"end":{"line":439,"column":30}},"439":{"start":{"line":440,"column":0},"end":{"line":440,"column":39}},"440":{"start":{"line":441,"column":0},"end":{"line":441,"column":5}},"442":{"start":{"line":443,"column":0},"end":{"line":443,"column":47}},"443":{"start":{"line":444,"column":0},"end":{"line":444,"column":1}},"445":{"start":{"line":446,"column":0},"end":{"line":446,"column":74}},"446":{"start":{"line":447,"column":0},"end":{"line":447,"column":41}},"447":{"start":{"line":448,"column":0},"end":{"line":448,"column":20}},"448":{"start":{"line":449,"column":0},"end":{"line":449,"column":31}},"449":{"start":{"line":450,"column":0},"end":{"line":450,"column":49}},"450":{"start":{"line":451,"column":0},"end":{"line":451,"column":39}},"451":{"start":{"line":452,"column":0},"end":{"line":452,"column":27}},"452":{"start":{"line":453,"column":0},"end":{"line":453,"column":55}},"453":{"start":{"line":454,"column":0},"end":{"line":454,"column":9}},"454":{"start":{"line":455,"column":0},"end":{"line":455,"column":5}},"455":{"start":{"line":456,"column":0},"end":{"line":456,"column":54}},"456":{"start":{"line":457,"column":0},"end":{"line":457,"column":1}},"458":{"start":{"line":459,"column":0},"end":{"line":459,"column":85}},"459":{"start":{"line":460,"column":0},"end":{"line":460,"column":41}},"460":{"start":{"line":461,"column":0},"end":{"line":461,"column":29}},"461":{"start":{"line":462,"column":0},"end":{"line":462,"column":40}},"462":{"start":{"line":463,"column":0},"end":{"line":463,"column":94}},"463":{"start":{"line":464,"column":0},"end":{"line":464,"column":54}},"464":{"start":{"line":465,"column":0},"end":{"line":465,"column":92}},"465":{"start":{"line":466,"column":0},"end":{"line":466,"column":5}},"466":{"start":{"line":467,"column":0},"end":{"line":467,"column":25}},"467":{"start":{"line":468,"column":0},"end":{"line":468,"column":1}},"469":{"start":{"line":470,"column":0},"end":{"line":470,"column":66}},"470":{"start":{"line":471,"column":0},"end":{"line":471,"column":37}},"471":{"start":{"line":472,"column":0},"end":{"line":472,"column":20}},"472":{"start":{"line":473,"column":0},"end":{"line":473,"column":31}},"473":{"start":{"line":474,"column":0},"end":{"line":474,"column":50}},"474":{"start":{"line":475,"column":0},"end":{"line":475,"column":39}},"475":{"start":{"line":476,"column":0},"end":{"line":476,"column":27}},"476":{"start":{"line":477,"column":0},"end":{"line":477,"column":55}},"477":{"start":{"line":478,"column":0},"end":{"line":478,"column":9}},"478":{"start":{"line":479,"column":0},"end":{"line":479,"column":5}},"479":{"start":{"line":480,"column":0},"end":{"line":480,"column":54}},"480":{"start":{"line":481,"column":0},"end":{"line":481,"column":1}},"482":{"start":{"line":483,"column":0},"end":{"line":483,"column":63}},"483":{"start":{"line":484,"column":0},"end":{"line":484,"column":38}},"484":{"start":{"line":485,"column":0},"end":{"line":485,"column":34}},"485":{"start":{"line":486,"column":0},"end":{"line":486,"column":16}},"486":{"start":{"line":487,"column":0},"end":{"line":487,"column":41}},"487":{"start":{"line":488,"column":0},"end":{"line":488,"column":45}},"488":{"start":{"line":489,"column":0},"end":{"line":489,"column":5}},"489":{"start":{"line":490,"column":0},"end":{"line":490,"column":1}},"491":{"start":{"line":492,"column":0},"end":{"line":492,"column":75}},"492":{"start":{"line":493,"column":0},"end":{"line":493,"column":38}},"493":{"start":{"line":494,"column":0},"end":{"line":494,"column":43}},"494":{"start":{"line":495,"column":0},"end":{"line":495,"column":30}},"495":{"start":{"line":496,"column":0},"end":{"line":496,"column":45}},"496":{"start":{"line":497,"column":0},"end":{"line":497,"column":49}},"497":{"start":{"line":498,"column":0},"end":{"line":498,"column":9}},"498":{"start":{"line":499,"column":0},"end":{"line":499,"column":5}},"499":{"start":{"line":500,"column":0},"end":{"line":500,"column":1}},"501":{"start":{"line":502,"column":0},"end":{"line":502,"column":62}},"503":{"start":{"line":504,"column":0},"end":{"line":504,"column":48}},"504":{"start":{"line":505,"column":0},"end":{"line":505,"column":42}},"505":{"start":{"line":506,"column":0},"end":{"line":506,"column":36}},"506":{"start":{"line":507,"column":0},"end":{"line":507,"column":53}},"507":{"start":{"line":508,"column":0},"end":{"line":508,"column":54}},"508":{"start":{"line":509,"column":0},"end":{"line":509,"column":23}},"509":{"start":{"line":510,"column":0},"end":{"line":510,"column":9}},"510":{"start":{"line":511,"column":0},"end":{"line":511,"column":46}},"511":{"start":{"line":512,"column":0},"end":{"line":512,"column":5}},"513":{"start":{"line":514,"column":0},"end":{"line":514,"column":35}},"514":{"start":{"line":515,"column":0},"end":{"line":515,"column":50}},"515":{"start":{"line":516,"column":0},"end":{"line":516,"column":50}},"516":{"start":{"line":517,"column":0},"end":{"line":517,"column":5}},"518":{"start":{"line":519,"column":0},"end":{"line":519,"column":49}},"519":{"start":{"line":520,"column":0},"end":{"line":520,"column":49}},"521":{"start":{"line":522,"column":0},"end":{"line":522,"column":16}},"522":{"start":{"line":523,"column":0},"end":{"line":523,"column":1}},"524":{"start":{"line":525,"column":0},"end":{"line":525,"column":39}},"526":{"start":{"line":527,"column":0},"end":{"line":527,"column":63}},"527":{"start":{"line":528,"column":0},"end":{"line":528,"column":46}},"528":{"start":{"line":529,"column":0},"end":{"line":529,"column":9}},"529":{"start":{"line":530,"column":0},"end":{"line":530,"column":36}},"530":{"start":{"line":531,"column":0},"end":{"line":531,"column":69}},"532":{"start":{"line":533,"column":0},"end":{"line":533,"column":37}},"533":{"start":{"line":534,"column":0},"end":{"line":534,"column":85}},"534":{"start":{"line":535,"column":0},"end":{"line":535,"column":65}},"535":{"start":{"line":536,"column":0},"end":{"line":536,"column":95}},"536":{"start":{"line":537,"column":0},"end":{"line":537,"column":19}},"537":{"start":{"line":538,"column":0},"end":{"line":538,"column":9}},"539":{"start":{"line":540,"column":0},"end":{"line":540,"column":76}},"540":{"start":{"line":541,"column":0},"end":{"line":541,"column":18}},"541":{"start":{"line":542,"column":0},"end":{"line":542,"column":26}},"542":{"start":{"line":543,"column":0},"end":{"line":543,"column":21}},"543":{"start":{"line":544,"column":0},"end":{"line":544,"column":34}},"544":{"start":{"line":545,"column":0},"end":{"line":545,"column":113}},"545":{"start":{"line":546,"column":0},"end":{"line":546,"column":13}},"546":{"start":{"line":547,"column":0},"end":{"line":547,"column":11}},"547":{"start":{"line":548,"column":0},"end":{"line":548,"column":17}},"548":{"start":{"line":549,"column":0},"end":{"line":549,"column":51}},"549":{"start":{"line":550,"column":0},"end":{"line":550,"column":5}},"550":{"start":{"line":551,"column":0},"end":{"line":551,"column":3}},"552":{"start":{"line":553,"column":0},"end":{"line":553,"column":43}},"553":{"start":{"line":554,"column":0},"end":{"line":554,"column":9}},"554":{"start":{"line":555,"column":0},"end":{"line":555,"column":36}},"555":{"start":{"line":556,"column":0},"end":{"line":556,"column":37}},"557":{"start":{"line":558,"column":0},"end":{"line":558,"column":23}},"558":{"start":{"line":559,"column":0},"end":{"line":559,"column":43}},"559":{"start":{"line":560,"column":0},"end":{"line":560,"column":48}},"560":{"start":{"line":561,"column":0},"end":{"line":561,"column":36}},"561":{"start":{"line":562,"column":0},"end":{"line":562,"column":33}},"562":{"start":{"line":563,"column":0},"end":{"line":563,"column":13}},"563":{"start":{"line":564,"column":0},"end":{"line":564,"column":64}},"564":{"start":{"line":565,"column":0},"end":{"line":565,"column":19}},"565":{"start":{"line":566,"column":0},"end":{"line":566,"column":9}},"567":{"start":{"line":568,"column":0},"end":{"line":568,"column":25}},"568":{"start":{"line":569,"column":0},"end":{"line":569,"column":44}},"569":{"start":{"line":570,"column":0},"end":{"line":570,"column":27}},"570":{"start":{"line":571,"column":0},"end":{"line":571,"column":54}},"571":{"start":{"line":572,"column":0},"end":{"line":572,"column":13}},"572":{"start":{"line":573,"column":0},"end":{"line":573,"column":9}},"573":{"start":{"line":574,"column":0},"end":{"line":574,"column":48}},"574":{"start":{"line":575,"column":0},"end":{"line":575,"column":105}},"575":{"start":{"line":576,"column":0},"end":{"line":576,"column":17}},"576":{"start":{"line":577,"column":0},"end":{"line":577,"column":51}},"577":{"start":{"line":578,"column":0},"end":{"line":578,"column":5}},"578":{"start":{"line":579,"column":0},"end":{"line":579,"column":3}},"580":{"start":{"line":581,"column":0},"end":{"line":581,"column":50}},"581":{"start":{"line":582,"column":0},"end":{"line":582,"column":9}},"582":{"start":{"line":583,"column":0},"end":{"line":583,"column":72}},"583":{"start":{"line":584,"column":0},"end":{"line":584,"column":19}},"584":{"start":{"line":585,"column":0},"end":{"line":585,"column":63}},"585":{"start":{"line":586,"column":0},"end":{"line":586,"column":19}},"586":{"start":{"line":587,"column":0},"end":{"line":587,"column":9}},"588":{"start":{"line":589,"column":0},"end":{"line":589,"column":42}},"589":{"start":{"line":590,"column":0},"end":{"line":590,"column":46}},"590":{"start":{"line":591,"column":0},"end":{"line":591,"column":48}},"591":{"start":{"line":592,"column":0},"end":{"line":592,"column":54}},"592":{"start":{"line":593,"column":0},"end":{"line":593,"column":16}},"593":{"start":{"line":594,"column":0},"end":{"line":594,"column":55}},"594":{"start":{"line":595,"column":0},"end":{"line":595,"column":29}},"595":{"start":{"line":596,"column":0},"end":{"line":596,"column":9}},"596":{"start":{"line":597,"column":0},"end":{"line":597,"column":63}},"597":{"start":{"line":598,"column":0},"end":{"line":598,"column":3}},"599":{"start":{"line":600,"column":0},"end":{"line":600,"column":46}},"600":{"start":{"line":601,"column":0},"end":{"line":601,"column":9}},"601":{"start":{"line":602,"column":0},"end":{"line":602,"column":62}},"602":{"start":{"line":603,"column":0},"end":{"line":603,"column":42}},"603":{"start":{"line":604,"column":0},"end":{"line":604,"column":23}},"604":{"start":{"line":605,"column":0},"end":{"line":605,"column":55}},"605":{"start":{"line":606,"column":0},"end":{"line":606,"column":29}},"606":{"start":{"line":607,"column":0},"end":{"line":607,"column":16}},"607":{"start":{"line":608,"column":0},"end":{"line":608,"column":48}},"608":{"start":{"line":609,"column":0},"end":{"line":609,"column":54}},"609":{"start":{"line":610,"column":0},"end":{"line":610,"column":9}},"610":{"start":{"line":611,"column":0},"end":{"line":611,"column":63}},"611":{"start":{"line":612,"column":0},"end":{"line":612,"column":3}},"613":{"start":{"line":614,"column":0},"end":{"line":614,"column":43}},"614":{"start":{"line":615,"column":0},"end":{"line":615,"column":9}},"615":{"start":{"line":616,"column":0},"end":{"line":616,"column":65}},"616":{"start":{"line":617,"column":0},"end":{"line":617,"column":19}},"617":{"start":{"line":618,"column":0},"end":{"line":618,"column":67}},"618":{"start":{"line":619,"column":0},"end":{"line":619,"column":19}},"619":{"start":{"line":620,"column":0},"end":{"line":620,"column":9}},"621":{"start":{"line":622,"column":0},"end":{"line":622,"column":42}},"622":{"start":{"line":623,"column":0},"end":{"line":623,"column":46}},"623":{"start":{"line":624,"column":0},"end":{"line":624,"column":48}},"624":{"start":{"line":625,"column":0},"end":{"line":625,"column":54}},"625":{"start":{"line":626,"column":0},"end":{"line":626,"column":16}},"626":{"start":{"line":627,"column":0},"end":{"line":627,"column":55}},"627":{"start":{"line":628,"column":0},"end":{"line":628,"column":29}},"628":{"start":{"line":629,"column":0},"end":{"line":629,"column":9}},"629":{"start":{"line":630,"column":0},"end":{"line":630,"column":63}},"630":{"start":{"line":631,"column":0},"end":{"line":631,"column":3}},"632":{"start":{"line":633,"column":0},"end":{"line":633,"column":44}},"633":{"start":{"line":634,"column":0},"end":{"line":634,"column":9}},"634":{"start":{"line":635,"column":0},"end":{"line":635,"column":42}},"635":{"start":{"line":636,"column":0},"end":{"line":636,"column":23}},"636":{"start":{"line":637,"column":0},"end":{"line":637,"column":48}},"637":{"start":{"line":638,"column":0},"end":{"line":638,"column":25}},"638":{"start":{"line":639,"column":0},"end":{"line":639,"column":68}},"639":{"start":{"line":640,"column":0},"end":{"line":640,"column":23}},"640":{"start":{"line":641,"column":0},"end":{"line":641,"column":13}},"641":{"start":{"line":642,"column":0},"end":{"line":642,"column":69}},"642":{"start":{"line":643,"column":0},"end":{"line":643,"column":16}},"643":{"start":{"line":644,"column":0},"end":{"line":644,"column":69}},"644":{"start":{"line":645,"column":0},"end":{"line":645,"column":9}},"645":{"start":{"line":646,"column":0},"end":{"line":646,"column":60}},"646":{"start":{"line":647,"column":0},"end":{"line":647,"column":3}},"648":{"start":{"line":649,"column":0},"end":{"line":649,"column":63}},"649":{"start":{"line":650,"column":0},"end":{"line":650,"column":38}},"650":{"start":{"line":651,"column":0},"end":{"line":651,"column":53}},"651":{"start":{"line":652,"column":0},"end":{"line":652,"column":47}},"653":{"start":{"line":654,"column":0},"end":{"line":654,"column":14}},"654":{"start":{"line":655,"column":0},"end":{"line":655,"column":17}},"655":{"start":{"line":656,"column":0},"end":{"line":656,"column":30}},"656":{"start":{"line":657,"column":0},"end":{"line":657,"column":22}},"657":{"start":{"line":658,"column":0},"end":{"line":658,"column":50}},"658":{"start":{"line":659,"column":0},"end":{"line":659,"column":34}},"659":{"start":{"line":660,"column":0},"end":{"line":660,"column":17}},"660":{"start":{"line":661,"column":0},"end":{"line":661,"column":38}},"661":{"start":{"line":662,"column":0},"end":{"line":662,"column":28}},"662":{"start":{"line":663,"column":0},"end":{"line":663,"column":9}},"663":{"start":{"line":664,"column":0},"end":{"line":664,"column":7}},"664":{"start":{"line":665,"column":0},"end":{"line":665,"column":3}},"666":{"start":{"line":667,"column":0},"end":{"line":667,"column":36}},"667":{"start":{"line":668,"column":0},"end":{"line":668,"column":38}},"668":{"start":{"line":669,"column":0},"end":{"line":669,"column":38}},"669":{"start":{"line":670,"column":0},"end":{"line":670,"column":3}},"671":{"start":{"line":672,"column":0},"end":{"line":672,"column":20}},"672":{"start":{"line":673,"column":0},"end":{"line":673,"column":36}},"673":{"start":{"line":674,"column":0},"end":{"line":674,"column":35}},"674":{"start":{"line":675,"column":0},"end":{"line":675,"column":54}},"675":{"start":{"line":676,"column":0},"end":{"line":676,"column":72}},"676":{"start":{"line":677,"column":0},"end":{"line":677,"column":30}},"677":{"start":{"line":678,"column":0},"end":{"line":678,"column":53}},"679":{"start":{"line":680,"column":0},"end":{"line":680,"column":55}},"680":{"start":{"line":681,"column":0},"end":{"line":681,"column":41}},"682":{"start":{"line":683,"column":0},"end":{"line":683,"column":14}},"683":{"start":{"line":684,"column":0},"end":{"line":684,"column":17}},"684":{"start":{"line":685,"column":0},"end":{"line":685,"column":28}},"685":{"start":{"line":686,"column":0},"end":{"line":686,"column":31}},"686":{"start":{"line":687,"column":0},"end":{"line":687,"column":20}},"687":{"start":{"line":688,"column":0},"end":{"line":688,"column":7}},"688":{"start":{"line":689,"column":0},"end":{"line":689,"column":3}},"690":{"start":{"line":691,"column":0},"end":{"line":691,"column":27}},"691":{"start":{"line":692,"column":0},"end":{"line":692,"column":37}},"692":{"start":{"line":693,"column":0},"end":{"line":693,"column":53}},"693":{"start":{"line":694,"column":0},"end":{"line":694,"column":47}},"695":{"start":{"line":696,"column":0},"end":{"line":696,"column":14}},"696":{"start":{"line":697,"column":0},"end":{"line":697,"column":17}},"697":{"start":{"line":698,"column":0},"end":{"line":698,"column":16}},"698":{"start":{"line":699,"column":0},"end":{"line":699,"column":34}},"699":{"start":{"line":700,"column":0},"end":{"line":700,"column":54}},"700":{"start":{"line":701,"column":0},"end":{"line":701,"column":38}},"701":{"start":{"line":702,"column":0},"end":{"line":702,"column":21}},"702":{"start":{"line":703,"column":0},"end":{"line":703,"column":42}},"703":{"start":{"line":704,"column":0},"end":{"line":704,"column":32}},"704":{"start":{"line":705,"column":0},"end":{"line":705,"column":13}},"705":{"start":{"line":706,"column":0},"end":{"line":706,"column":9}},"706":{"start":{"line":707,"column":0},"end":{"line":707,"column":7}},"707":{"start":{"line":708,"column":0},"end":{"line":708,"column":3}},"709":{"start":{"line":710,"column":0},"end":{"line":710,"column":44}},"710":{"start":{"line":711,"column":0},"end":{"line":711,"column":39}},"711":{"start":{"line":712,"column":0},"end":{"line":712,"column":43}},"712":{"start":{"line":713,"column":0},"end":{"line":713,"column":32}},"713":{"start":{"line":714,"column":0},"end":{"line":714,"column":29}},"714":{"start":{"line":715,"column":0},"end":{"line":715,"column":31}},"715":{"start":{"line":716,"column":0},"end":{"line":716,"column":5}},"716":{"start":{"line":717,"column":0},"end":{"line":717,"column":72}},"717":{"start":{"line":718,"column":0},"end":{"line":718,"column":3}},"719":{"start":{"line":720,"column":0},"end":{"line":720,"column":45}},"721":{"start":{"line":722,"column":0},"end":{"line":722,"column":17}},"722":{"start":{"line":723,"column":0},"end":{"line":723,"column":80}},"723":{"start":{"line":724,"column":0},"end":{"line":724,"column":69}},"725":{"start":{"line":726,"column":0},"end":{"line":726,"column":74}},"726":{"start":{"line":727,"column":0},"end":{"line":727,"column":51}},"727":{"start":{"line":728,"column":0},"end":{"line":728,"column":9}},"728":{"start":{"line":729,"column":0},"end":{"line":729,"column":36}},"729":{"start":{"line":730,"column":0},"end":{"line":730,"column":43}},"730":{"start":{"line":731,"column":0},"end":{"line":731,"column":85}},"732":{"start":{"line":733,"column":0},"end":{"line":733,"column":26}},"733":{"start":{"line":734,"column":0},"end":{"line":734,"column":85}},"734":{"start":{"line":735,"column":0},"end":{"line":735,"column":19}},"735":{"start":{"line":736,"column":0},"end":{"line":736,"column":9}},"737":{"start":{"line":738,"column":0},"end":{"line":738,"column":44}},"738":{"start":{"line":739,"column":0},"end":{"line":739,"column":19}},"739":{"start":{"line":740,"column":0},"end":{"line":740,"column":77}},"740":{"start":{"line":741,"column":0},"end":{"line":741,"column":19}},"741":{"start":{"line":742,"column":0},"end":{"line":742,"column":9}},"743":{"start":{"line":744,"column":0},"end":{"line":744,"column":87}},"744":{"start":{"line":745,"column":0},"end":{"line":745,"column":22}},"745":{"start":{"line":746,"column":0},"end":{"line":746,"column":66}},"746":{"start":{"line":747,"column":0},"end":{"line":747,"column":19}},"747":{"start":{"line":748,"column":0},"end":{"line":748,"column":9}},"749":{"start":{"line":750,"column":0},"end":{"line":750,"column":65}},"750":{"start":{"line":751,"column":0},"end":{"line":751,"column":41}},"751":{"start":{"line":752,"column":0},"end":{"line":752,"column":63}},"752":{"start":{"line":753,"column":0},"end":{"line":753,"column":9}},"754":{"start":{"line":755,"column":0},"end":{"line":755,"column":73}},"755":{"start":{"line":756,"column":0},"end":{"line":756,"column":17}},"756":{"start":{"line":757,"column":0},"end":{"line":757,"column":62}},"757":{"start":{"line":758,"column":0},"end":{"line":758,"column":5}},"758":{"start":{"line":759,"column":0},"end":{"line":759,"column":3}},"760":{"start":{"line":761,"column":0},"end":{"line":761,"column":78}},"761":{"start":{"line":762,"column":0},"end":{"line":762,"column":52}},"762":{"start":{"line":763,"column":0},"end":{"line":763,"column":9}},"763":{"start":{"line":764,"column":0},"end":{"line":764,"column":36}},"764":{"start":{"line":765,"column":0},"end":{"line":765,"column":29}},"765":{"start":{"line":766,"column":0},"end":{"line":766,"column":31}},"767":{"start":{"line":768,"column":0},"end":{"line":768,"column":22}},"768":{"start":{"line":769,"column":0},"end":{"line":769,"column":30}},"769":{"start":{"line":770,"column":0},"end":{"line":770,"column":56}},"770":{"start":{"line":771,"column":0},"end":{"line":771,"column":36}},"771":{"start":{"line":772,"column":0},"end":{"line":772,"column":28}},"772":{"start":{"line":773,"column":0},"end":{"line":773,"column":40}},"773":{"start":{"line":774,"column":0},"end":{"line":774,"column":28}},"774":{"start":{"line":775,"column":0},"end":{"line":775,"column":42}},"775":{"start":{"line":776,"column":0},"end":{"line":776,"column":28}},"776":{"start":{"line":777,"column":0},"end":{"line":777,"column":16}},"777":{"start":{"line":778,"column":0},"end":{"line":778,"column":107}},"778":{"start":{"line":779,"column":0},"end":{"line":779,"column":19}},"779":{"start":{"line":780,"column":0},"end":{"line":780,"column":9}},"781":{"start":{"line":782,"column":0},"end":{"line":782,"column":50}},"782":{"start":{"line":783,"column":0},"end":{"line":783,"column":56}},"783":{"start":{"line":784,"column":0},"end":{"line":784,"column":17}},"784":{"start":{"line":785,"column":0},"end":{"line":785,"column":62}},"785":{"start":{"line":786,"column":0},"end":{"line":786,"column":5}},"786":{"start":{"line":787,"column":0},"end":{"line":787,"column":3}},"788":{"start":{"line":789,"column":0},"end":{"line":789,"column":42}},"789":{"start":{"line":790,"column":0},"end":{"line":790,"column":39}},"790":{"start":{"line":791,"column":0},"end":{"line":791,"column":19}},"791":{"start":{"line":792,"column":0},"end":{"line":792,"column":43}},"792":{"start":{"line":793,"column":0},"end":{"line":793,"column":43}},"793":{"start":{"line":794,"column":0},"end":{"line":794,"column":5}},"794":{"start":{"line":795,"column":0},"end":{"line":795,"column":41}},"795":{"start":{"line":796,"column":0},"end":{"line":796,"column":3}},"797":{"start":{"line":798,"column":0},"end":{"line":798,"column":68}},"798":{"start":{"line":799,"column":0},"end":{"line":799,"column":51}},"799":{"start":{"line":800,"column":0},"end":{"line":800,"column":9}},"800":{"start":{"line":801,"column":0},"end":{"line":801,"column":33}},"801":{"start":{"line":802,"column":0},"end":{"line":802,"column":38}},"803":{"start":{"line":804,"column":0},"end":{"line":804,"column":41}},"804":{"start":{"line":805,"column":0},"end":{"line":805,"column":85}},"805":{"start":{"line":806,"column":0},"end":{"line":806,"column":19}},"806":{"start":{"line":807,"column":0},"end":{"line":807,"column":9}},"808":{"start":{"line":809,"column":0},"end":{"line":809,"column":36}},"809":{"start":{"line":810,"column":0},"end":{"line":810,"column":43}},"810":{"start":{"line":811,"column":0},"end":{"line":811,"column":85}},"812":{"start":{"line":813,"column":0},"end":{"line":813,"column":26}},"813":{"start":{"line":814,"column":0},"end":{"line":814,"column":85}},"814":{"start":{"line":815,"column":0},"end":{"line":815,"column":19}},"815":{"start":{"line":816,"column":0},"end":{"line":816,"column":9}},"817":{"start":{"line":818,"column":0},"end":{"line":818,"column":44}},"818":{"start":{"line":819,"column":0},"end":{"line":819,"column":19}},"819":{"start":{"line":820,"column":0},"end":{"line":820,"column":77}},"820":{"start":{"line":821,"column":0},"end":{"line":821,"column":19}},"821":{"start":{"line":822,"column":0},"end":{"line":822,"column":9}},"823":{"start":{"line":824,"column":0},"end":{"line":824,"column":87}},"824":{"start":{"line":825,"column":0},"end":{"line":825,"column":22}},"825":{"start":{"line":826,"column":0},"end":{"line":826,"column":66}},"826":{"start":{"line":827,"column":0},"end":{"line":827,"column":19}},"827":{"start":{"line":828,"column":0},"end":{"line":828,"column":9}},"829":{"start":{"line":830,"column":0},"end":{"line":830,"column":58}},"830":{"start":{"line":831,"column":0},"end":{"line":831,"column":25}},"831":{"start":{"line":832,"column":0},"end":{"line":832,"column":88}},"832":{"start":{"line":833,"column":0},"end":{"line":833,"column":19}},"833":{"start":{"line":834,"column":0},"end":{"line":834,"column":9}},"835":{"start":{"line":836,"column":0},"end":{"line":836,"column":36}},"836":{"start":{"line":837,"column":0},"end":{"line":837,"column":109}},"837":{"start":{"line":838,"column":0},"end":{"line":838,"column":17}},"838":{"start":{"line":839,"column":0},"end":{"line":839,"column":62}},"839":{"start":{"line":840,"column":0},"end":{"line":840,"column":5}},"840":{"start":{"line":841,"column":0},"end":{"line":841,"column":3}},"843":{"start":{"line":844,"column":0},"end":{"line":844,"column":97}},"844":{"start":{"line":845,"column":0},"end":{"line":845,"column":52}},"845":{"start":{"line":846,"column":0},"end":{"line":846,"column":9}},"846":{"start":{"line":847,"column":0},"end":{"line":847,"column":33}},"847":{"start":{"line":848,"column":0},"end":{"line":848,"column":36}},"848":{"start":{"line":849,"column":0},"end":{"line":849,"column":77}},"849":{"start":{"line":850,"column":0},"end":{"line":850,"column":56}},"851":{"start":{"line":852,"column":0},"end":{"line":852,"column":22}},"852":{"start":{"line":853,"column":0},"end":{"line":853,"column":30}},"853":{"start":{"line":854,"column":0},"end":{"line":854,"column":56}},"854":{"start":{"line":855,"column":0},"end":{"line":855,"column":36}},"855":{"start":{"line":856,"column":0},"end":{"line":856,"column":28}},"856":{"start":{"line":857,"column":0},"end":{"line":857,"column":40}},"857":{"start":{"line":858,"column":0},"end":{"line":858,"column":28}},"858":{"start":{"line":859,"column":0},"end":{"line":859,"column":42}},"859":{"start":{"line":860,"column":0},"end":{"line":860,"column":28}},"860":{"start":{"line":861,"column":0},"end":{"line":861,"column":16}},"861":{"start":{"line":862,"column":0},"end":{"line":862,"column":107}},"862":{"start":{"line":863,"column":0},"end":{"line":863,"column":19}},"863":{"start":{"line":864,"column":0},"end":{"line":864,"column":9}},"865":{"start":{"line":866,"column":0},"end":{"line":866,"column":51}},"866":{"start":{"line":867,"column":0},"end":{"line":867,"column":51}},"867":{"start":{"line":868,"column":0},"end":{"line":868,"column":17}},"868":{"start":{"line":869,"column":0},"end":{"line":869,"column":62}},"869":{"start":{"line":870,"column":0},"end":{"line":870,"column":5}},"870":{"start":{"line":871,"column":0},"end":{"line":871,"column":3}},"872":{"start":{"line":873,"column":0},"end":{"line":873,"column":85}},"873":{"start":{"line":874,"column":0},"end":{"line":874,"column":61}},"874":{"start":{"line":875,"column":0},"end":{"line":875,"column":12}},"875":{"start":{"line":876,"column":0},"end":{"line":876,"column":36}},"876":{"start":{"line":877,"column":0},"end":{"line":877,"column":39}},"877":{"start":{"line":878,"column":0},"end":{"line":878,"column":47}},"878":{"start":{"line":879,"column":0},"end":{"line":879,"column":50}},"880":{"start":{"line":881,"column":0},"end":{"line":881,"column":49}},"881":{"start":{"line":882,"column":0},"end":{"line":882,"column":93}},"882":{"start":{"line":883,"column":0},"end":{"line":883,"column":22}},"883":{"start":{"line":884,"column":0},"end":{"line":884,"column":12}},"885":{"start":{"line":886,"column":0},"end":{"line":886,"column":54}},"886":{"start":{"line":887,"column":0},"end":{"line":887,"column":98}},"887":{"start":{"line":888,"column":0},"end":{"line":888,"column":22}},"888":{"start":{"line":889,"column":0},"end":{"line":889,"column":12}},"890":{"start":{"line":891,"column":0},"end":{"line":891,"column":66}},"891":{"start":{"line":892,"column":0},"end":{"line":892,"column":30}},"892":{"start":{"line":893,"column":0},"end":{"line":893,"column":72}},"893":{"start":{"line":894,"column":0},"end":{"line":894,"column":22}},"894":{"start":{"line":895,"column":0},"end":{"line":895,"column":12}},"896":{"start":{"line":897,"column":0},"end":{"line":897,"column":41}},"897":{"start":{"line":898,"column":0},"end":{"line":898,"column":23}},"898":{"start":{"line":899,"column":0},"end":{"line":899,"column":66}},"899":{"start":{"line":900,"column":0},"end":{"line":900,"column":12}},"901":{"start":{"line":902,"column":0},"end":{"line":902,"column":68}},"902":{"start":{"line":903,"column":0},"end":{"line":903,"column":20}},"903":{"start":{"line":904,"column":0},"end":{"line":904,"column":65}},"904":{"start":{"line":905,"column":0},"end":{"line":905,"column":8}},"905":{"start":{"line":906,"column":0},"end":{"line":906,"column":6}},"907":{"start":{"line":908,"column":0},"end":{"line":908,"column":14}},"908":{"start":{"line":909,"column":0},"end":{"line":909,"column":77}},"909":{"start":{"line":910,"column":0},"end":{"line":910,"column":73}},"910":{"start":{"line":911,"column":0},"end":{"line":911,"column":67}},"911":{"start":{"line":912,"column":0},"end":{"line":912,"column":9}},"912":{"start":{"line":913,"column":0},"end":{"line":913,"column":24}},"913":{"start":{"line":914,"column":0},"end":{"line":914,"column":81}},"914":{"start":{"line":915,"column":0},"end":{"line":915,"column":19}},"915":{"start":{"line":916,"column":0},"end":{"line":916,"column":9}},"917":{"start":{"line":918,"column":0},"end":{"line":918,"column":72}},"918":{"start":{"line":919,"column":0},"end":{"line":919,"column":53}},"920":{"start":{"line":921,"column":0},"end":{"line":921,"column":75}},"921":{"start":{"line":922,"column":0},"end":{"line":922,"column":98}},"922":{"start":{"line":923,"column":0},"end":{"line":923,"column":19}},"923":{"start":{"line":924,"column":0},"end":{"line":924,"column":9}},"925":{"start":{"line":926,"column":0},"end":{"line":926,"column":87}},"927":{"start":{"line":928,"column":0},"end":{"line":928,"column":68}},"928":{"start":{"line":929,"column":0},"end":{"line":929,"column":35}},"929":{"start":{"line":930,"column":0},"end":{"line":930,"column":24}},"930":{"start":{"line":931,"column":0},"end":{"line":931,"column":11}},"932":{"start":{"line":933,"column":0},"end":{"line":933,"column":25}},"933":{"start":{"line":934,"column":0},"end":{"line":934,"column":34}},"934":{"start":{"line":935,"column":0},"end":{"line":935,"column":26}},"935":{"start":{"line":936,"column":0},"end":{"line":936,"column":36}},"936":{"start":{"line":937,"column":0},"end":{"line":937,"column":47}},"937":{"start":{"line":938,"column":0},"end":{"line":938,"column":15}},"938":{"start":{"line":939,"column":0},"end":{"line":939,"column":19}},"939":{"start":{"line":940,"column":0},"end":{"line":940,"column":9}},"941":{"start":{"line":942,"column":0},"end":{"line":942,"column":56}},"942":{"start":{"line":943,"column":0},"end":{"line":943,"column":42}},"944":{"start":{"line":945,"column":0},"end":{"line":945,"column":18}},"945":{"start":{"line":946,"column":0},"end":{"line":946,"column":21}},"946":{"start":{"line":947,"column":0},"end":{"line":947,"column":51}},"947":{"start":{"line":948,"column":0},"end":{"line":948,"column":17}},"948":{"start":{"line":949,"column":0},"end":{"line":949,"column":30}},"949":{"start":{"line":950,"column":0},"end":{"line":950,"column":43}},"950":{"start":{"line":951,"column":0},"end":{"line":951,"column":11}},"951":{"start":{"line":952,"column":0},"end":{"line":952,"column":17}},"952":{"start":{"line":953,"column":0},"end":{"line":953,"column":62}},"953":{"start":{"line":954,"column":0},"end":{"line":954,"column":5}},"954":{"start":{"line":955,"column":0},"end":{"line":955,"column":3}},"957":{"start":{"line":958,"column":0},"end":{"line":958,"column":63}},"959":{"start":{"line":960,"column":0},"end":{"line":960,"column":44}},"960":{"start":{"line":961,"column":0},"end":{"line":961,"column":7}},"961":{"start":{"line":962,"column":0},"end":{"line":962,"column":68}},"962":{"start":{"line":963,"column":0},"end":{"line":963,"column":15}},"963":{"start":{"line":964,"column":0},"end":{"line":964,"column":58}},"964":{"start":{"line":965,"column":0},"end":{"line":965,"column":3}},"965":{"start":{"line":966,"column":0},"end":{"line":966,"column":3}},"967":{"start":{"line":968,"column":0},"end":{"line":968,"column":48}},"968":{"start":{"line":969,"column":0},"end":{"line":969,"column":7}},"969":{"start":{"line":970,"column":0},"end":{"line":970,"column":50}},"970":{"start":{"line":971,"column":0},"end":{"line":971,"column":14}},"971":{"start":{"line":972,"column":0},"end":{"line":972,"column":63}},"972":{"start":{"line":973,"column":0},"end":{"line":973,"column":13}},"973":{"start":{"line":974,"column":0},"end":{"line":974,"column":5}},"975":{"start":{"line":976,"column":0},"end":{"line":976,"column":32}},"976":{"start":{"line":977,"column":0},"end":{"line":977,"column":15}},"977":{"start":{"line":978,"column":0},"end":{"line":978,"column":71}},"978":{"start":{"line":979,"column":0},"end":{"line":979,"column":13}},"979":{"start":{"line":980,"column":0},"end":{"line":980,"column":5}},"981":{"start":{"line":982,"column":0},"end":{"line":982,"column":38}},"982":{"start":{"line":983,"column":0},"end":{"line":983,"column":15}},"983":{"start":{"line":984,"column":0},"end":{"line":984,"column":58}},"984":{"start":{"line":985,"column":0},"end":{"line":985,"column":3}},"985":{"start":{"line":986,"column":0},"end":{"line":986,"column":3}},"987":{"start":{"line":988,"column":0},"end":{"line":988,"column":40}},"988":{"start":{"line":989,"column":0},"end":{"line":989,"column":76}},"989":{"start":{"line":990,"column":0},"end":{"line":990,"column":45}},"990":{"start":{"line":991,"column":0},"end":{"line":991,"column":7}},"991":{"start":{"line":992,"column":0},"end":{"line":992,"column":32}},"992":{"start":{"line":993,"column":0},"end":{"line":993,"column":74}},"993":{"start":{"line":994,"column":0},"end":{"line":994,"column":48}},"994":{"start":{"line":995,"column":0},"end":{"line":995,"column":73}},"995":{"start":{"line":996,"column":0},"end":{"line":996,"column":29}},"997":{"start":{"line":998,"column":0},"end":{"line":998,"column":16}},"998":{"start":{"line":999,"column":0},"end":{"line":999,"column":65}},"999":{"start":{"line":1000,"column":0},"end":{"line":1000,"column":13}},"1000":{"start":{"line":1001,"column":0},"end":{"line":1001,"column":5}},"1001":{"start":{"line":1002,"column":0},"end":{"line":1002,"column":32}},"1002":{"start":{"line":1003,"column":0},"end":{"line":1003,"column":75}},"1003":{"start":{"line":1004,"column":0},"end":{"line":1004,"column":13}},"1004":{"start":{"line":1005,"column":0},"end":{"line":1005,"column":5}},"1006":{"start":{"line":1007,"column":0},"end":{"line":1007,"column":17}},"1007":{"start":{"line":1008,"column":0},"end":{"line":1008,"column":9}},"1008":{"start":{"line":1009,"column":0},"end":{"line":1009,"column":11}},"1009":{"start":{"line":1010,"column":0},"end":{"line":1010,"column":18}},"1010":{"start":{"line":1011,"column":0},"end":{"line":1011,"column":22}},"1011":{"start":{"line":1012,"column":0},"end":{"line":1012,"column":21}},"1012":{"start":{"line":1013,"column":0},"end":{"line":1013,"column":6}},"1014":{"start":{"line":1015,"column":0},"end":{"line":1015,"column":40}},"1016":{"start":{"line":1017,"column":0},"end":{"line":1017,"column":88}},"1017":{"start":{"line":1018,"column":0},"end":{"line":1018,"column":15}},"1018":{"start":{"line":1019,"column":0},"end":{"line":1019,"column":58}},"1019":{"start":{"line":1020,"column":0},"end":{"line":1020,"column":3}},"1020":{"start":{"line":1021,"column":0},"end":{"line":1021,"column":3}},"1022":{"start":{"line":1023,"column":0},"end":{"line":1023,"column":20}},"1023":{"start":{"line":1024,"column":0},"end":{"line":1024,"column":51}},"1024":{"start":{"line":1025,"column":0},"end":{"line":1025,"column":7}},"1025":{"start":{"line":1026,"column":0},"end":{"line":1026,"column":50}},"1026":{"start":{"line":1027,"column":0},"end":{"line":1027,"column":14}},"1027":{"start":{"line":1028,"column":0},"end":{"line":1028,"column":63}},"1028":{"start":{"line":1029,"column":0},"end":{"line":1029,"column":13}},"1029":{"start":{"line":1030,"column":0},"end":{"line":1030,"column":5}},"1031":{"start":{"line":1032,"column":0},"end":{"line":1032,"column":39}},"1032":{"start":{"line":1033,"column":0},"end":{"line":1033,"column":19}},"1033":{"start":{"line":1034,"column":0},"end":{"line":1034,"column":71}},"1034":{"start":{"line":1035,"column":0},"end":{"line":1035,"column":13}},"1035":{"start":{"line":1036,"column":0},"end":{"line":1036,"column":5}},"1037":{"start":{"line":1038,"column":0},"end":{"line":1038,"column":72}},"1038":{"start":{"line":1039,"column":0},"end":{"line":1039,"column":15}},"1039":{"start":{"line":1040,"column":0},"end":{"line":1040,"column":58}},"1040":{"start":{"line":1041,"column":0},"end":{"line":1041,"column":3}},"1041":{"start":{"line":1042,"column":0},"end":{"line":1042,"column":3}},"1043":{"start":{"line":1044,"column":0},"end":{"line":1044,"column":59}},"1044":{"start":{"line":1045,"column":0},"end":{"line":1045,"column":50}},"1045":{"start":{"line":1046,"column":0},"end":{"line":1046,"column":7}},"1046":{"start":{"line":1047,"column":0},"end":{"line":1047,"column":32}},"1047":{"start":{"line":1048,"column":0},"end":{"line":1048,"column":48}},"1048":{"start":{"line":1049,"column":0},"end":{"line":1049,"column":62}},"1049":{"start":{"line":1050,"column":0},"end":{"line":1050,"column":5}},"1051":{"start":{"line":1052,"column":0},"end":{"line":1052,"column":35}},"1052":{"start":{"line":1053,"column":0},"end":{"line":1053,"column":55}},"1053":{"start":{"line":1054,"column":0},"end":{"line":1054,"column":36}},"1054":{"start":{"line":1055,"column":0},"end":{"line":1055,"column":5}},"1056":{"start":{"line":1057,"column":0},"end":{"line":1057,"column":36}},"1057":{"start":{"line":1058,"column":0},"end":{"line":1058,"column":51}},"1058":{"start":{"line":1059,"column":0},"end":{"line":1059,"column":36}},"1059":{"start":{"line":1060,"column":0},"end":{"line":1060,"column":5}},"1061":{"start":{"line":1062,"column":0},"end":{"line":1062,"column":68}},"1062":{"start":{"line":1063,"column":0},"end":{"line":1063,"column":28}},"1063":{"start":{"line":1064,"column":0},"end":{"line":1064,"column":53}},"1064":{"start":{"line":1065,"column":0},"end":{"line":1065,"column":5}},"1066":{"start":{"line":1067,"column":0},"end":{"line":1067,"column":44}},"1067":{"start":{"line":1068,"column":0},"end":{"line":1068,"column":37}},"1068":{"start":{"line":1069,"column":0},"end":{"line":1069,"column":43}},"1069":{"start":{"line":1070,"column":0},"end":{"line":1070,"column":5}},"1071":{"start":{"line":1072,"column":0},"end":{"line":1072,"column":21}},"1072":{"start":{"line":1073,"column":0},"end":{"line":1073,"column":7}},"1073":{"start":{"line":1074,"column":0},"end":{"line":1074,"column":16}},"1074":{"start":{"line":1075,"column":0},"end":{"line":1075,"column":26}},"1075":{"start":{"line":1076,"column":0},"end":{"line":1076,"column":72}},"1076":{"start":{"line":1077,"column":0},"end":{"line":1077,"column":15}},"1077":{"start":{"line":1078,"column":0},"end":{"line":1078,"column":18}},"1078":{"start":{"line":1079,"column":0},"end":{"line":1079,"column":47}},"1079":{"start":{"line":1080,"column":0},"end":{"line":1080,"column":47}},"1080":{"start":{"line":1081,"column":0},"end":{"line":1081,"column":47}},"1081":{"start":{"line":1082,"column":0},"end":{"line":1082,"column":47}},"1082":{"start":{"line":1083,"column":0},"end":{"line":1083,"column":46}},"1083":{"start":{"line":1084,"column":0},"end":{"line":1084,"column":11}},"1084":{"start":{"line":1085,"column":0},"end":{"line":1085,"column":10}},"1085":{"start":{"line":1086,"column":0},"end":{"line":1086,"column":23}},"1086":{"start":{"line":1087,"column":0},"end":{"line":1087,"column":8}},"1087":{"start":{"line":1088,"column":0},"end":{"line":1088,"column":7}},"1088":{"start":{"line":1089,"column":0},"end":{"line":1089,"column":16}},"1089":{"start":{"line":1090,"column":0},"end":{"line":1090,"column":26}},"1090":{"start":{"line":1091,"column":0},"end":{"line":1091,"column":67}},"1091":{"start":{"line":1092,"column":0},"end":{"line":1092,"column":15}},"1092":{"start":{"line":1093,"column":0},"end":{"line":1093,"column":18}},"1093":{"start":{"line":1094,"column":0},"end":{"line":1094,"column":47}},"1094":{"start":{"line":1095,"column":0},"end":{"line":1095,"column":47}},"1095":{"start":{"line":1096,"column":0},"end":{"line":1096,"column":47}},"1096":{"start":{"line":1097,"column":0},"end":{"line":1097,"column":47}},"1097":{"start":{"line":1098,"column":0},"end":{"line":1098,"column":47}},"1098":{"start":{"line":1099,"column":0},"end":{"line":1099,"column":46}},"1099":{"start":{"line":1100,"column":0},"end":{"line":1100,"column":11}},"1100":{"start":{"line":1101,"column":0},"end":{"line":1101,"column":10}},"1101":{"start":{"line":1102,"column":0},"end":{"line":1102,"column":23}},"1102":{"start":{"line":1103,"column":0},"end":{"line":1103,"column":8}},"1103":{"start":{"line":1104,"column":0},"end":{"line":1104,"column":7}},"1104":{"start":{"line":1105,"column":0},"end":{"line":1105,"column":16}},"1105":{"start":{"line":1106,"column":0},"end":{"line":1106,"column":29}},"1106":{"start":{"line":1107,"column":0},"end":{"line":1107,"column":70}},"1107":{"start":{"line":1108,"column":0},"end":{"line":1108,"column":15}},"1108":{"start":{"line":1109,"column":0},"end":{"line":1109,"column":18}},"1109":{"start":{"line":1110,"column":0},"end":{"line":1110,"column":47}},"1110":{"start":{"line":1111,"column":0},"end":{"line":1111,"column":47}},"1111":{"start":{"line":1112,"column":0},"end":{"line":1112,"column":47}},"1112":{"start":{"line":1113,"column":0},"end":{"line":1113,"column":47}},"1113":{"start":{"line":1114,"column":0},"end":{"line":1114,"column":47}},"1114":{"start":{"line":1115,"column":0},"end":{"line":1115,"column":46}},"1115":{"start":{"line":1116,"column":0},"end":{"line":1116,"column":11}},"1116":{"start":{"line":1117,"column":0},"end":{"line":1117,"column":10}},"1117":{"start":{"line":1118,"column":0},"end":{"line":1118,"column":23}},"1118":{"start":{"line":1119,"column":0},"end":{"line":1119,"column":8}},"1119":{"start":{"line":1120,"column":0},"end":{"line":1120,"column":7}},"1120":{"start":{"line":1121,"column":0},"end":{"line":1121,"column":16}},"1121":{"start":{"line":1122,"column":0},"end":{"line":1122,"column":22}},"1122":{"start":{"line":1123,"column":0},"end":{"line":1123,"column":71}},"1123":{"start":{"line":1124,"column":0},"end":{"line":1124,"column":15}},"1124":{"start":{"line":1125,"column":0},"end":{"line":1125,"column":18}},"1125":{"start":{"line":1126,"column":0},"end":{"line":1126,"column":47}},"1126":{"start":{"line":1127,"column":0},"end":{"line":1127,"column":47}},"1127":{"start":{"line":1128,"column":0},"end":{"line":1128,"column":47}},"1128":{"start":{"line":1129,"column":0},"end":{"line":1129,"column":47}},"1129":{"start":{"line":1130,"column":0},"end":{"line":1130,"column":47}},"1130":{"start":{"line":1131,"column":0},"end":{"line":1131,"column":47}},"1131":{"start":{"line":1132,"column":0},"end":{"line":1132,"column":47}},"1132":{"start":{"line":1133,"column":0},"end":{"line":1133,"column":47}},"1133":{"start":{"line":1134,"column":0},"end":{"line":1134,"column":47}},"1134":{"start":{"line":1135,"column":0},"end":{"line":1135,"column":47}},"1135":{"start":{"line":1136,"column":0},"end":{"line":1136,"column":47}},"1136":{"start":{"line":1137,"column":0},"end":{"line":1137,"column":47}},"1137":{"start":{"line":1138,"column":0},"end":{"line":1138,"column":47}},"1138":{"start":{"line":1139,"column":0},"end":{"line":1139,"column":46}},"1139":{"start":{"line":1140,"column":0},"end":{"line":1140,"column":11}},"1140":{"start":{"line":1141,"column":0},"end":{"line":1141,"column":10}},"1141":{"start":{"line":1142,"column":0},"end":{"line":1142,"column":23}},"1142":{"start":{"line":1143,"column":0},"end":{"line":1143,"column":8}},"1143":{"start":{"line":1144,"column":0},"end":{"line":1144,"column":7}},"1144":{"start":{"line":1145,"column":0},"end":{"line":1145,"column":16}},"1145":{"start":{"line":1146,"column":0},"end":{"line":1146,"column":27}},"1146":{"start":{"line":1147,"column":0},"end":{"line":1147,"column":69}},"1147":{"start":{"line":1148,"column":0},"end":{"line":1148,"column":15}},"1148":{"start":{"line":1149,"column":0},"end":{"line":1149,"column":18}},"1149":{"start":{"line":1150,"column":0},"end":{"line":1150,"column":47}},"1150":{"start":{"line":1151,"column":0},"end":{"line":1151,"column":47}},"1151":{"start":{"line":1152,"column":0},"end":{"line":1152,"column":47}},"1152":{"start":{"line":1153,"column":0},"end":{"line":1153,"column":47}},"1153":{"start":{"line":1154,"column":0},"end":{"line":1154,"column":47}},"1154":{"start":{"line":1155,"column":0},"end":{"line":1155,"column":47}},"1155":{"start":{"line":1156,"column":0},"end":{"line":1156,"column":47}},"1156":{"start":{"line":1157,"column":0},"end":{"line":1157,"column":47}},"1157":{"start":{"line":1158,"column":0},"end":{"line":1158,"column":47}},"1158":{"start":{"line":1159,"column":0},"end":{"line":1159,"column":47}},"1159":{"start":{"line":1160,"column":0},"end":{"line":1160,"column":47}},"1160":{"start":{"line":1161,"column":0},"end":{"line":1161,"column":47}},"1161":{"start":{"line":1162,"column":0},"end":{"line":1162,"column":47}},"1162":{"start":{"line":1163,"column":0},"end":{"line":1163,"column":47}},"1163":{"start":{"line":1164,"column":0},"end":{"line":1164,"column":47}},"1164":{"start":{"line":1165,"column":0},"end":{"line":1165,"column":46}},"1165":{"start":{"line":1166,"column":0},"end":{"line":1166,"column":11}},"1166":{"start":{"line":1167,"column":0},"end":{"line":1167,"column":10}},"1167":{"start":{"line":1168,"column":0},"end":{"line":1168,"column":23}},"1168":{"start":{"line":1169,"column":0},"end":{"line":1169,"column":8}},"1169":{"start":{"line":1170,"column":0},"end":{"line":1170,"column":7}},"1170":{"start":{"line":1171,"column":0},"end":{"line":1171,"column":16}},"1171":{"start":{"line":1172,"column":0},"end":{"line":1172,"column":27}},"1172":{"start":{"line":1173,"column":0},"end":{"line":1173,"column":68}},"1173":{"start":{"line":1174,"column":0},"end":{"line":1174,"column":15}},"1174":{"start":{"line":1175,"column":0},"end":{"line":1175,"column":18}},"1175":{"start":{"line":1176,"column":0},"end":{"line":1176,"column":47}},"1176":{"start":{"line":1177,"column":0},"end":{"line":1177,"column":47}},"1177":{"start":{"line":1178,"column":0},"end":{"line":1178,"column":47}},"1178":{"start":{"line":1179,"column":0},"end":{"line":1179,"column":47}},"1179":{"start":{"line":1180,"column":0},"end":{"line":1180,"column":47}},"1180":{"start":{"line":1181,"column":0},"end":{"line":1181,"column":47}},"1181":{"start":{"line":1182,"column":0},"end":{"line":1182,"column":47}},"1182":{"start":{"line":1183,"column":0},"end":{"line":1183,"column":47}},"1183":{"start":{"line":1184,"column":0},"end":{"line":1184,"column":47}},"1184":{"start":{"line":1185,"column":0},"end":{"line":1185,"column":47}},"1185":{"start":{"line":1186,"column":0},"end":{"line":1186,"column":47}},"1186":{"start":{"line":1187,"column":0},"end":{"line":1187,"column":47}},"1187":{"start":{"line":1188,"column":0},"end":{"line":1188,"column":47}},"1188":{"start":{"line":1189,"column":0},"end":{"line":1189,"column":47}},"1189":{"start":{"line":1190,"column":0},"end":{"line":1190,"column":46}},"1190":{"start":{"line":1191,"column":0},"end":{"line":1191,"column":11}},"1191":{"start":{"line":1192,"column":0},"end":{"line":1192,"column":10}},"1192":{"start":{"line":1193,"column":0},"end":{"line":1193,"column":23}},"1193":{"start":{"line":1194,"column":0},"end":{"line":1194,"column":8}},"1194":{"start":{"line":1195,"column":0},"end":{"line":1195,"column":7}},"1195":{"start":{"line":1196,"column":0},"end":{"line":1196,"column":16}},"1196":{"start":{"line":1197,"column":0},"end":{"line":1197,"column":24}},"1197":{"start":{"line":1198,"column":0},"end":{"line":1198,"column":73}},"1198":{"start":{"line":1199,"column":0},"end":{"line":1199,"column":15}},"1199":{"start":{"line":1200,"column":0},"end":{"line":1200,"column":18}},"1200":{"start":{"line":1201,"column":0},"end":{"line":1201,"column":47}},"1201":{"start":{"line":1202,"column":0},"end":{"line":1202,"column":47}},"1202":{"start":{"line":1203,"column":0},"end":{"line":1203,"column":47}},"1203":{"start":{"line":1204,"column":0},"end":{"line":1204,"column":47}},"1204":{"start":{"line":1205,"column":0},"end":{"line":1205,"column":47}},"1205":{"start":{"line":1206,"column":0},"end":{"line":1206,"column":47}},"1206":{"start":{"line":1207,"column":0},"end":{"line":1207,"column":47}},"1207":{"start":{"line":1208,"column":0},"end":{"line":1208,"column":47}},"1208":{"start":{"line":1209,"column":0},"end":{"line":1209,"column":47}},"1209":{"start":{"line":1210,"column":0},"end":{"line":1210,"column":47}},"1210":{"start":{"line":1211,"column":0},"end":{"line":1211,"column":47}},"1211":{"start":{"line":1212,"column":0},"end":{"line":1212,"column":47}},"1212":{"start":{"line":1213,"column":0},"end":{"line":1213,"column":47}},"1213":{"start":{"line":1214,"column":0},"end":{"line":1214,"column":46}},"1214":{"start":{"line":1215,"column":0},"end":{"line":1215,"column":11}},"1215":{"start":{"line":1216,"column":0},"end":{"line":1216,"column":10}},"1216":{"start":{"line":1217,"column":0},"end":{"line":1217,"column":23}},"1217":{"start":{"line":1218,"column":0},"end":{"line":1218,"column":8}},"1218":{"start":{"line":1219,"column":0},"end":{"line":1219,"column":7}},"1219":{"start":{"line":1220,"column":0},"end":{"line":1220,"column":16}},"1220":{"start":{"line":1221,"column":0},"end":{"line":1221,"column":32}},"1221":{"start":{"line":1222,"column":0},"end":{"line":1222,"column":80}},"1222":{"start":{"line":1223,"column":0},"end":{"line":1223,"column":15}},"1223":{"start":{"line":1224,"column":0},"end":{"line":1224,"column":18}},"1224":{"start":{"line":1225,"column":0},"end":{"line":1225,"column":47}},"1225":{"start":{"line":1226,"column":0},"end":{"line":1226,"column":47}},"1226":{"start":{"line":1227,"column":0},"end":{"line":1227,"column":47}},"1227":{"start":{"line":1228,"column":0},"end":{"line":1228,"column":47}},"1228":{"start":{"line":1229,"column":0},"end":{"line":1229,"column":47}},"1229":{"start":{"line":1230,"column":0},"end":{"line":1230,"column":47}},"1230":{"start":{"line":1231,"column":0},"end":{"line":1231,"column":47}},"1231":{"start":{"line":1232,"column":0},"end":{"line":1232,"column":47}},"1232":{"start":{"line":1233,"column":0},"end":{"line":1233,"column":47}},"1233":{"start":{"line":1234,"column":0},"end":{"line":1234,"column":47}},"1234":{"start":{"line":1235,"column":0},"end":{"line":1235,"column":47}},"1235":{"start":{"line":1236,"column":0},"end":{"line":1236,"column":47}},"1236":{"start":{"line":1237,"column":0},"end":{"line":1237,"column":46}},"1237":{"start":{"line":1238,"column":0},"end":{"line":1238,"column":11}},"1238":{"start":{"line":1239,"column":0},"end":{"line":1239,"column":10}},"1239":{"start":{"line":1240,"column":0},"end":{"line":1240,"column":23}},"1240":{"start":{"line":1241,"column":0},"end":{"line":1241,"column":8}},"1241":{"start":{"line":1242,"column":0},"end":{"line":1242,"column":7}},"1242":{"start":{"line":1243,"column":0},"end":{"line":1243,"column":16}},"1243":{"start":{"line":1244,"column":0},"end":{"line":1244,"column":48}},"1244":{"start":{"line":1245,"column":0},"end":{"line":1245,"column":77}},"1245":{"start":{"line":1246,"column":0},"end":{"line":1246,"column":15}},"1246":{"start":{"line":1247,"column":0},"end":{"line":1247,"column":18}},"1247":{"start":{"line":1248,"column":0},"end":{"line":1248,"column":48}},"1248":{"start":{"line":1249,"column":0},"end":{"line":1249,"column":48}},"1249":{"start":{"line":1250,"column":0},"end":{"line":1250,"column":48}},"1250":{"start":{"line":1251,"column":0},"end":{"line":1251,"column":48}},"1251":{"start":{"line":1252,"column":0},"end":{"line":1252,"column":48}},"1252":{"start":{"line":1253,"column":0},"end":{"line":1253,"column":48}},"1253":{"start":{"line":1254,"column":0},"end":{"line":1254,"column":49}},"1254":{"start":{"line":1255,"column":0},"end":{"line":1255,"column":48}},"1255":{"start":{"line":1256,"column":0},"end":{"line":1256,"column":48}},"1256":{"start":{"line":1257,"column":0},"end":{"line":1257,"column":49}},"1257":{"start":{"line":1258,"column":0},"end":{"line":1258,"column":48}},"1258":{"start":{"line":1259,"column":0},"end":{"line":1259,"column":48}},"1259":{"start":{"line":1260,"column":0},"end":{"line":1260,"column":49}},"1260":{"start":{"line":1261,"column":0},"end":{"line":1261,"column":48}},"1261":{"start":{"line":1262,"column":0},"end":{"line":1262,"column":48}},"1262":{"start":{"line":1263,"column":0},"end":{"line":1263,"column":48}},"1263":{"start":{"line":1264,"column":0},"end":{"line":1264,"column":48}},"1264":{"start":{"line":1265,"column":0},"end":{"line":1265,"column":48}},"1265":{"start":{"line":1266,"column":0},"end":{"line":1266,"column":48}},"1266":{"start":{"line":1267,"column":0},"end":{"line":1267,"column":49}},"1267":{"start":{"line":1268,"column":0},"end":{"line":1268,"column":48}},"1268":{"start":{"line":1269,"colu
[...]
":368,"column":2}}},"s":{"0":2,"1":2,"2":2,"4":2,"5":2,"7":2,"8":2,"9":2,"10":2,"11":2,"12":2,"13":2,"14":2,"15":2,"16":2,"17":2,"18":2,"20":2,"21":2,"22":2,"23":2,"24":2,"26":2,"27":2,"28":2,"29":2,"30":2,"32":10,"33":10,"34":10,"35":10,"36":10,"37":10,"39":10,"40":10,"41":10,"43":2,"44":2,"45":2,"46":6,"47":6,"49":6,"50":6,"51":6,"52":6,"53":6,"54":2,"55":2,"56":2,"57":2,"58":2,"60":4,"61":4,"62":4,"64":6,"65":0,"66":0,"67":0,"68":0,"69":6,"71":4,"72":4,"73":4,"74":6,"75":8,"76":0,"77":8,"78":0,"79":8,"80":6,"82":4,"83":4,"84":4,"85":2,"86":10,"88":10,"89":10,"90":10,"91":10,"92":2,"93":4,"95":4,"96":4,"98":4,"99":10,"100":10,"101":10,"102":10,"103":10,"104":4,"106":4,"107":4,"108":2,"109":6,"111":6,"112":6,"113":6,"114":6,"116":6,"117":0,"118":0,"119":0,"120":0,"121":6,"122":6,"124":6,"125":6,"126":6,"128":6,"129":6,"130":2,"131":2,"132":2,"133":2,"134":6,"135":4,"137":4,"138":4,"139":10,"140":10,"141":10,"142":10,"143":10,"144":4,"145":4,"147":6,"148":2,"149":2,"150":2,"151":6,"152":4,"154":4,"155":4,"157":6,"158":10,"159":0,"160":0,"161":0,"162":0,"163":10,"164":10,"166":10,"168":10,"169":10,"170":10,"171":10,"172":10,"173":10,"175":10,"177":10,"178":0,"179":0,"180":0,"181":10,"182":10,"184":10,"185":10,"186":10,"187":10,"188":10,"190":10,"191":10,"192":10,"193":10,"194":4,"195":4,"197":4,"198":4,"199":4,"200":4,"202":4,"203":4,"204":4,"205":4,"206":4,"207":4,"208":4,"209":4,"210":4,"211":4,"212":4,"213":4,"214":4,"215":4,"216":4,"217":4,"218":4,"219":6,"220":6,"221":2,"222":0,"223":0,"225":0,"226":0,"227":0,"229":0,"230":0,"231":0,"233":0,"234":0,"235":0,"237":2,"238":1,"240":1,"241":1,"242":1,"244":0,"245":2,"246":5,"248":5,"249":5,"250":5,"251":5,"252":4,"254":4,"255":4,"256":4,"257":4,"259":5,"260":3,"261":3,"263":3,"265":3,"266":3,"267":7,"269":7,"270":7,"271":7,"272":7,"273":7,"274":7,"276":7,"277":3,"278":3,"280":3,"281":3,"282":3,"283":3,"284":3,"285":3,"286":3,"287":3,"289":3,"290":3,"291":5,"292":4,"293":4,"295":5,"296":1,"297":1,"298":1,"299":1,"300":3,"301":3,"303":3,"304":3,"305":3,"306":3,"308":3,"309":5,"310":2,"311":5,"312":1,"313":1,"315":1,"316":1,"317":1,"318":1,"319":1,"320":0,"321":0,"323":0,"324":0,"325":0,"327":0,"328":0,"329":0,"331":5,"332":2,"334":5,"335":5,"336":5,"338":5,"339":5,"340":5,"341":5,"342":5,"343":5,"345":5,"346":5,"347":5,"348":5,"349":5,"350":5,"351":5,"352":5,"353":5,"354":5,"355":0,"356":0,"357":0,"358":0,"359":0,"360":2,"361":2,"362":2,"363":2,"365":2,"366":2,"367":1},"branchMap":{"0":{"type":"branch","line":1,"loc":{"start":{"line":1,"column":0},"end":{"line":367,"column":28}},"locations":[{"start":{"line":1,"column":0},"end":{"line":367,"column":28}}]},"1":{"type":"branch","line":21,"loc":{"start":{"line":21,"column":0},"end":{"line":25,"column":1}},"locations":[{"start":{"line":21,"column":0},"end":{"line":25,"column":1}}]},"2":{"type":"branch","line":22,"loc":{"start":{"line":22,"column":26},"end":{"line":22,"column":44}},"locations":[{"start":{"line":22,"column":26},"end":{"line":22,"column":44}}]},"3":{"type":"branch","line":23,"loc":{"start":{"line":23,"column":12},"end":{"line":23,"column":35}},"locations":[{"start":{"line":23,"column":12},"end":{"line":23,"column":35}}]},"4":{"type":"branch","line":27,"loc":{"start":{"line":27,"column":0},"end":{"line":31,"column":1}},"locations":[{"start":{"line":27,"column":0},"end":{"line":31,"column":1}}]},"5":{"type":"branch","line":28,"loc":{"start":{"line":28,"column":28},"end":{"line":28,"column":33}},"locations":[{"start":{"line":28,"column":28},"end":{"line":28,"column":33}}]},"6":{"type":"branch","line":29,"loc":{"start":{"line":29,"column":10},"end":{"line":29,"column":33}},"locations":[{"start":{"line":29,"column":10},"end":{"line":29,"column":33}}]},"7":{"type":"branch","line":33,"loc":{"start":{"line":33,"column":0},"end":{"line":38,"column":1}},"locations":[{"start":{"line":33,"column":0},"end":{"line":38,"column":1}}]},"8":{"type":"branch","line":34,"loc":{"start":{"line":34,"column":40},"end":{"line":34,"column":44}},"locations":[{"start":{"line":34,"column":40},"end":{"line":34,"column":44}}]},"9":{"type":"branch","line":35,"loc":{"start":{"line":35,"column":38},"end":{"line":35,"column":66}},"locations":[{"start":{"line":35,"column":38},"end":{"line":35,"column":66}}]},"10":{"type":"branch","line":36,"loc":{"start":{"line":36,"column":38},"end":{"line":36,"column":66}},"locations":[{"start":{"line":36,"column":38},"end":{"line":36,"column":66}}]},"11":{"type":"branch","line":40,"loc":{"start":{"line":40,"column":0},"end":{"line":42,"column":1}},"locations":[{"start":{"line":40,"column":0},"end":{"line":42,"column":1}}]},"12":{"type":"branch","line":47,"loc":{"start":{"line":47,"column":0},"end":{"line":86,"column":3}},"locations":[{"start":{"line":47,"column":0},"end":{"line":86,"column":3}}]},"13":{"type":"branch","line":54,"loc":{"start":{"line":54,"column":45},"end":{"line":59,"column":3}},"locations":[{"start":{"line":54,"column":45},"end":{"line":59,"column":3}}]},"14":{"type":"branch","line":59,"loc":{"start":{"line":59,"column":2},"end":{"line":65,"column":26}},"locations":[{"start":{"line":59,"column":2},"end":{"line":65,"column":26}}]},"15":{"type":"branch","line":65,"loc":{"start":{"line":65,"column":26},"end":{"line":70,"column":2}},"locations":[{"start":{"line":65,"column":26},"end":{"line":70,"column":2}}]},"16":{"type":"branch","line":70,"loc":{"start":{"line":70,"column":2},"end":{"line":75,"column":55}},"locations":[{"start":{"line":70,"column":2},"end":{"line":75,"column":55}}]},"17":{"type":"branch","line":75,"loc":{"start":{"line":75,"column":55},"end":{"line":81,"column":2}},"locations":[{"start":{"line":75,"column":55},"end":{"line":81,"column":2}}]},"18":{"type":"branch","line":76,"loc":{"start":{"line":76,"column":45},"end":{"line":78,"column":3}},"locations":[{"start":{"line":76,"column":45},"end":{"line":78,"column":3}}]},"19":{"type":"branch","line":78,"loc":{"start":{"line":78,"column":53},"end":{"line":78,"column":75}},"locations":[{"start":{"line":78,"column":53},"end":{"line":78,"column":75}}]},"20":{"type":"branch","line":78,"loc":{"start":{"line":78,"column":75},"end":{"line":80,"column":3}},"locations":[{"start":{"line":78,"column":75},"end":{"line":80,"column":3}}]},"21":{"type":"branch","line":81,"loc":{"start":{"line":81,"column":1},"end":{"line":86,"column":2}},"locations":[{"start":{"line":81,"column":1},"end":{"line":86,"column":2}}]},"22":{"type":"branch","line":87,"loc":{"start":{"line":87,"column":0},"end":{"line":93,"column":51}},"locations":[{"start":{"line":87,"column":0},"end":{"line":93,"column":51}}]},"23":{"type":"branch","line":92,"loc":{"start":{"line":92,"column":34},"end":{"line":92,"column":65}},"locations":[{"start":{"line":92,"column":34},"end":{"line":92,"column":65}}]},"24":{"type":"branch","line":92,"loc":{"start":{"line":92,"column":52},"end":{"line":92,"column":76}},"locations":[{"start":{"line":92,"column":52},"end":{"line":92,"column":76}}]},"25":{"type":"branch","line":94,"loc":{"start":{"line":94,"column":0},"end":{"line":109,"column":50}},"locations":[{"start":{"line":94,"column":0},"end":{"line":109,"column":50}}]},"26":{"type":"branch","line":99,"loc":{"start":{"line":99,"column":21},"end":{"line":104,"column":35}},"locations":[{"start":{"line":99,"column":21},"end":{"line":104,"column":35}}]},"27":{"type":"branch","line":108,"loc":{"start":{"line":108,"column":5},"end":{"line":108,"column":26}},"locations":[{"start":{"line":108,"column":5},"end":{"line":108,"column":26}}]},"28":{"type":"branch","line":109,"loc":{"start":{"line":109,"column":4},"end":{"line":109,"column":48}},"locations":[{"start":{"line":109,"column":4},"end":{"line":109,"column":48}}]},"29":{"type":"branch","line":109,"loc":{"start":{"line":109,"column":52},"end":{"line":222,"column":39}},"locations":[{"start":{"line":109,"column":52},"end":{"line":222,"column":39}}]},"30":{"type":"branch","line":113,"loc":{"start":{"line":113,"column":52},"end":{"line":114,"column":98}},"locations":[{"start":{"line":113,"column":52},"end":{"line":114,"column":98}}]},"31":{"type":"branch","line":117,"loc":{"start":{"line":117,"column":24},"end":{"line":122,"column":4}},"locations":[{"start":{"line":117,"column":24},"end":{"line":122,"column":4}}]},"32":{"type":"branch","line":130,"loc":{"start":{"line":130,"column":7},"end":{"line":135,"column":3}},"locations":[{"start":{"line":130,"column":7},"end":{"line":135,"column":3}}]},"33":{"type":"branch","line":135,"loc":{"start":{"line":135,"column":3},"end":{"line":148,"column":24}},"locations":[{"start":{"line":135,"column":3},"end":{"line":148,"column":24}}]},"34":{"type":"branch","line":148,"loc":{"start":{"line":148,"column":24},"end":{"line":152,"column":2}},"locations":[{"start":{"line":148,"column":24},"end":{"line":152,"column":2}}]},"35":{"type":"branch","line":149,"loc":{"start":{"line":149,"column":44},"end":{"line":149,"column":52}},"locations":[{"start":{"line":149,"column":44},"end":{"line":149,"column":52}}]},"36":{"type":"branch","line":152,"loc":{"start":{"line":152,"column":2},"end":{"line":158,"column":22}},"locations":[{"start":{"line":152,"column":2},"end":{"line":158,"column":22}}]},"37":{"type":"branch","line":158,"loc":{"start":{"line":158,"column":22},"end":{"line":194,"column":33}},"locations":[{"start":{"line":158,"column":22},"end":{"line":194,"column":33}}]},"38":{"type":"branch","line":159,"loc":{"start":{"line":159,"column":24},"end":{"line":164,"column":5}},"locations":[{"start":{"line":159,"column":24},"end":{"line":164,"column":5}}]},"39":{"type":"branch","line":178,"loc":{"start":{"line":178,"column":29},"end":{"line":182,"column":58}},"locations":[{"start":{"line":178,"column":29},"end":{"line":182,"column":58}}]},"40":{"type":"branch","line":194,"loc":{"start":{"line":194,"column":16},"end":{"line":220,"column":22}},"locations":[{"start":{"line":194,"column":16},"end":{"line":220,"column":22}}]},"41":{"type":"branch","line":220,"loc":{"start":{"line":220,"column":15},"end":{"line":220,"column":32}},"locations":[{"start":{"line":220,"column":15},"end":{"line":220,"column":32}}]},"42":{"type":"branch","line":221,"loc":{"start":{"line":221,"column":16},"end":{"line":221,"column":34}},"locations":[{"start":{"line":221,"column":16},"end":{"line":221,"column":34}}]},"43":{"type":"branch","line":222,"loc":{"start":{"line":222,"column":12},"end":{"line":222,"column":27}},"locations":[{"start":{"line":222,"column":12},"end":{"line":222,"column":27}}]},"44":{"type":"branch","line":125,"loc":{"start":{"line":125,"column":24},"end":{"line":125,"column":51}},"locations":[{"start":{"line":125,"column":24},"end":{"line":125,"column":51}}]},"45":{"type":"branch","line":139,"loc":{"start":{"line":139,"column":25},"end":{"line":145,"column":2}},"locations":[{"start":{"line":139,"column":25},"end":{"line":145,"column":2}}]},"46":{"type":"branch","line":185,"loc":{"start":{"line":185,"column":17},"end":{"line":185,"column":39}},"locations":[{"start":{"line":185,"column":17},"end":{"line":185,"column":39}}]},"47":{"type":"branch","line":186,"loc":{"start":{"line":186,"column":16},"end":{"line":186,"column":52}},"locations":[{"start":{"line":186,"column":16},"end":{"line":186,"column":52}}]},"48":{"type":"branch","line":188,"loc":{"start":{"line":188,"column":18},"end":{"line":188,"column":61}},"locations":[{"start":{"line":188,"column":18},"end":{"line":188,"column":61}}]},"49":{"type":"branch","line":188,"loc":{"start":{"line":188,"column":49},"end":{"line":188,"column":59}},"locations":[{"start":{"line":188,"column":49},"end":{"line":188,"column":59}}]},"50":{"type":"branch","line":198,"loc":{"start":{"line":198,"column":18},"end":{"line":198,"column":32}},"locations":[{"start":{"line":198,"column":18},"end":{"line":198,"column":32}}]},"51":{"type":"branch","line":238,"loc":{"start":{"line":238,"column":42},"end":{"line":246,"column":8}},"locations":[{"start":{"line":238,"column":42},"end":{"line":246,"column":8}}]},"52":{"type":"branch","line":242,"loc":{"start":{"line":242,"column":16},"end":{"line":242,"column":30}},"locations":[{"start":{"line":242,"column":16},"end":{"line":242,"column":30}}]},"53":{"type":"branch","line":243,"loc":{"start":{"line":243,"column":26},"end":{"line":246,"column":8}},"locations":[{"start":{"line":243,"column":26},"end":{"line":246,"column":8}}]},"54":{"type":"branch","line":246,"loc":{"start":{"line":246,"column":9},"end":{"line":361,"column":14}},"locations":[{"start":{"line":246,"column":9},"end":{"line":361,"column":14}}]},"55":{"type":"branch","line":251,"loc":{"start":{"line":251,"column":1},"end":{"line":251,"column":35}},"locations":[{"start":{"line":251,"column":1},"end":{"line":251,"column":35}}]},"56":{"type":"branch","line":251,"loc":{"start":{"line":251,"column":27},"end":{"line":251,"column":53}},"locations":[{"start":{"line":251,"column":27},"end":{"line":251,"column":53}}]},"57":{"type":"branch","line":251,"loc":{"start":{"line":251,"column":53},"end":{"line":252,"column":79}},"locations":[{"start":{"line":251,"column":53},"end":{"line":252,"column":79}}]},"58":{"type":"branch","line":252,"loc":{"start":{"line":252,"column":71},"end":{"line":260,"column":39}},"locations":[{"start":{"line":252,"column":71},"end":{"line":260,"column":39}}]},"59":{"type":"branch","line":260,"loc":{"start":{"line":260,"column":39},"end":{"line":260,"column":47}},"locations":[{"start":{"line":260,"column":39},"end":{"line":260,"column":47}}]},"60":{"type":"branch","line":260,"loc":{"start":{"line":260,"column":68},"end":{"line":292,"column":6}},"locations":[{"start":{"line":260,"column":68},"end":{"line":292,"column":6}}]},"61":{"type":"branch","line":262,"loc":{"start":{"line":262,"column":57},"end":{"line":262,"column":70}},"locations":[{"start":{"line":262,"column":57},"end":{"line":262,"column":70}}]},"62":{"type":"branch","line":264,"loc":{"start":{"line":264,"column":36},"end":{"line":264,"column":57}},"locations":[{"start":{"line":264,"column":36},"end":{"line":264,"column":57}}]},"63":{"type":"branch","line":267,"loc":{"start":{"line":267,"column":22},"end":{"line":278,"column":44}},"locations":[{"start":{"line":267,"column":22},"end":{"line":278,"column":44}}]},"64":{"type":"branch","line":268,"loc":{"start":{"line":268,"column":24},"end":{"line":268,"column":40}},"locations":[{"start":{"line":268,"column":24},"end":{"line":268,"column":40}}]},"65":{"type":"branch","line":283,"loc":{"start":{"line":283,"column":26},"end":{"line":283,"column":32}},"locations":[{"start":{"line":283,"column":26},"end":{"line":283,"column":32}}]},"66":{"type":"branch","line":283,"loc":{"start":{"line":283,"column":39},"end":{"line":283,"column":69}},"locations":[{"start":{"line":283,"column":39},"end":{"line":283,"column":69}}]},"67":{"type":"branch","line":290,"loc":{"start":{"line":290,"column":8},"end":{"line":291,"column":40}},"locations":[{"start":{"line":290,"column":8},"end":{"line":291,"column":40}}]},"68":{"type":"branch","line":292,"loc":{"start":{"line":292,"column":6},"end":{"line":296,"column":24}},"locations":[{"start":{"line":292,"column":6},"end":{"line":296,"column":24}}]},"69":{"type":"branch","line":296,"loc":{"start":{"line":296,"column":8},"end":{"line":300,"column":16}},"locations":[{"start":{"line":296,"column":8},"end":{"line":300,"column":16}}]},"70":{"type":"branch","line":300,"loc":{"start":{"line":300,"column":8},"end":{"line":310,"column":25}},"locations":[{"start":{"line":300,"column":8},"end":{"line":310,"column":25}}]},"71":{"type":"branch","line":310,"loc":{"start":{"line":310,"column":8},"end":{"line":312,"column":39}},"locations":[{"start":{"line":310,"column":8},"end":{"line":312,"column":39}}]},"72":{"type":"branch","line":312,"loc":{"start":{"line":312,"column":23},"end":{"line":332,"column":38}},"locations":[{"start":{"line":312,"column":23},"end":{"line":332,"column":38}}]},"73":{"type":"branch","line":320,"loc":{"start":{"line":320,"column":10},"end":{"line":332,"column":38}},"locations":[{"start":{"line":320,"column":10},"end":{"line":332,"column":38}}]},"74":{"type":"branch","line":332,"loc":{"start":{"line":332,"column":23},"end":{"line":335,"column":28}},"locations":[{"start":{"line":332,"column":23},"end":{"line":335,"column":28}}]},"75":{"type":"branch","line":335,"loc":{"start":{"line":335,"column":21},"end":{"line":336,"column":28}},"locations":[{"start":{"line":335,"column":21},"end":{"line":336,"column":28}}]},"76":{"type":"branch","line":336,"loc":{"start":{"line":336,"column":29},"end":{"line":337,"column":62}},"locations":[{"start":{"line":336,"column":29},"end":{"line":337,"column":62}}]},"77":{"type":"branch","line":341,"loc":{"start":{"line":341,"column":39},"end":{"line":341,"column":65}},"locations":[{"start":{"line":341,"column":39},"end":{"line":341,"column":65}}]},"78":{"type":"branch","line":341,"loc":{"start":{"line":341,"column":66},"end":{"line":341,"column":76}},"locations":[{"start":{"line":341,"column":66},"end":{"line":341,"column":76}}]},"79":{"type":"branch","line":355,"loc":{"start":{"line":355,"column":4},"end":{"line":361,"column":14}},"locations":[{"start":{"line":355,"column":4},"end":{"line":361,"column":14}}]}},"b":{"0":[2],"1":[2],"2":[0],"3":[0],"4":[2],"5":[0],"6":[0],"7":[10],"8":[0],"9":[0],"10":[0],"11":[10],"12":[6],"13":[2],"14":[4],"15":[0],"16":[4],"17":[8],"18":[0],"19":[4],"20":[0],"21":[4],"22":[10],"23":[0],"24":[0],"25":[4],"26":[10],"27":[6],"28":[10],"29":[6],"30":[0],"31":[0],"32":[2],"33":[4],"34":[2],"35":[0],"36":[4],"37":[10],"38":[0],"39":[0],"40":[4],"41":[2],"42":[2],"43":[0],"44":[14],"45":[10],"46":[10],"47":[10],"48":[10],"49":[0],"50":[10],"51":[1],"52":[0],"53":[0],"54":[5],"55":[4],"56":[4],"57":[1],"58":[4],"59":[0],"60":[3],"61":[0],"62":[0],"63":[7],"64":[0],"65":[1],"66":[1],"67":[2],"68":[4],"69":[1],"70":[3],"71":[2],"72":[1],"73":[0],"74":[2],"75":[0],"76":[2],"77":[2],"78":[0],"79":[0]},"fnMap":{"0":{"name":"sanitizeSequenceName","decl":{"start":{"line":21,"column":0},"end":{"line":25,"column":1}},"loc":{"start":{"line":21,"column":0},"end":{"line":25,"column":1}},"line":21},"1":{"name":"stripExtension","decl":{"start":{"line":27,"column":0},"end":{"line":31,"column":1}},"loc":{"start":{"line":27,"column":0},"end":{"line":31,"column":1}},"line":27},"2":{"name":"clampDuration","decl":{"start":{"line":33,"column":0},"end":{"line":38,"column":1}},"loc":{"start":{"line":33,"column":0},"end":{"line":38,"column":1}},"line":33},"3":{"name":"midiNoteToGlobalKey","decl":{"start":{"line":40,"column":0},"end":{"line":42,"column":1}},"loc":{"start":{"line":40,"column":0},"end":{"line":42,"column":1}},"line":40},"4":{"name":"chooseTransposeSemitones","decl":{"start":{"line":47,"column":0},"end":{"line":86,"column":3}},"loc":{"start":{"line":47,"column":0},"end":{"line":86,"column":3}},"line":47},"5":{"name":"colorForGlobalKey","decl":{"start":{"line":87,"column":0},"end":{"line":93,"column":51}},"loc":{"start":{"line":87,"column":0},"end":{"line":93,"column":51}},"line":87},"6":{"name":"groupNotesByStartTime","decl":{"start":{"line":94,"column":0},"end":{"line":109,"column":50}},"loc":{"start":{"line":94,"column":0},"end":{"line":109,"column":50}},"line":94},"7":{"name":"buildPlayableCandidate","decl":{"start":{"line":109,"column":52},"end":{"line":222,"column":39}},"loc":{"start":{"line":109,"column":52},"end":{"line":222,"column":39}},"line":109},"8":{"name":"compareCandidateScores","decl":{"start":{"line":222,"column":31},"end":{"line":238,"column":40}},"loc":{"start":{"line":222,"column":31},"end":{"line":238,"column":40}},"line":222},"9":{"name":"chooseBestPlayableCandidate","decl":{"start":{"line":238,"column":42},"end":{"line":246,"column":8}},"loc":{"start":{"line":238,"column":42},"end":{"line":246,"column":8}},"line":238},"10":{"name":"importMidiBufferToSequence","decl":{"start":{"line":246,"column":9},"end":{"line":361,"column":14}},"loc":{"start":{"line":246,"column":9},"end":{"line":361,"column":14}},"line":246}},"f":{"0":2,"1":2,"2":10,"3":10,"4":6,"5":10,"6":4,"7":6,"8":0,"9":1,"10":5}}
}
